{"/home/travis/build/npmtest/node-npmtest-reqwest/test.js":{"path":"/home/travis/build/npmtest/node-npmtest-reqwest/test.js","s":{"1":2,"2":2,"3":2,"4":2,"5":2,"6":2,"7":2,"8":1,"9":2,"10":2,"11":1,"12":1,"13":1,"14":1,"15":2,"16":2,"17":2,"18":2,"19":1,"20":1,"21":2,"22":2,"23":2,"24":1,"25":1,"26":1,"27":1,"28":1,"29":1,"30":1,"31":1,"32":1,"33":1,"34":1,"35":1,"36":1,"37":1,"38":1,"39":2,"40":2,"41":1,"42":2,"43":2,"44":1,"45":2,"46":2,"47":1,"48":2,"49":2,"50":1,"51":1,"52":1,"53":1,"54":1},"b":{"1":[2,1,1,1],"2":[1,1,1,1],"3":[1,1],"4":[1,1],"5":[1,1],"6":[1,1],"7":[1,1],"8":[1,1],"9":[1,1],"10":[1,1,1],"11":[1,1],"12":[1,1],"13":[1,1],"14":[1,1],"15":[1,1],"16":[1,1],"17":[1,1]},"f":{"1":2,"2":2,"3":2,"4":2,"5":2,"6":1,"7":1,"8":1,"9":2,"10":2,"11":2,"12":2,"13":1},"fnMap":{"1":{"name":"(anonymous_1)","line":12,"loc":{"start":{"line":12,"column":1},"end":{"line":12,"column":13}}},"2":{"name":"(anonymous_2)","line":19,"loc":{"start":{"line":19,"column":5},"end":{"line":19,"column":17}}},"3":{"name":"(anonymous_3)","line":23,"loc":{"start":{"line":23,"column":24},"end":{"line":23,"column":36}}},"4":{"name":"(anonymous_4)","line":61,"loc":{"start":{"line":61,"column":5},"end":{"line":61,"column":17}}},"5":{"name":"(anonymous_5)","line":82,"loc":{"start":{"line":82,"column":5},"end":{"line":82,"column":17}}},"6":{"name":"(anonymous_6)","line":91,"loc":{"start":{"line":91,"column":77},"end":{"line":94,"column":10}}},"7":{"name":"(anonymous_7)","line":112,"loc":{"start":{"line":112,"column":83},"end":{"line":115,"column":10}},"skip":true},"8":{"name":"(anonymous_8)","line":123,"loc":{"start":{"line":123,"column":77},"end":{"line":126,"column":10}},"skip":true},"9":{"name":"(anonymous_9)","line":139,"loc":{"start":{"line":139,"column":12},"end":{"line":139,"column":40}},"skip":true},"10":{"name":"(anonymous_10)","line":147,"loc":{"start":{"line":147,"column":77},"end":{"line":150,"column":10}},"skip":true},"11":{"name":"(anonymous_11)","line":158,"loc":{"start":{"line":158,"column":83},"end":{"line":161,"column":10}},"skip":true},"12":{"name":"(anonymous_12)","line":169,"loc":{"start":{"line":169,"column":79},"end":{"line":172,"column":10}},"skip":true},"13":{"name":"(anonymous_13)","line":180,"loc":{"start":{"line":180,"column":75},"end":{"line":183,"column":10}},"skip":true}},"statementMap":{"1":{"start":{"line":12,"column":0},"end":{"line":195,"column":5}},"2":{"start":{"line":14,"column":4},"end":{"line":14,"column":14}},"3":{"start":{"line":19,"column":4},"end":{"line":56,"column":9}},"4":{"start":{"line":21,"column":8},"end":{"line":21,"column":19}},"5":{"start":{"line":23,"column":8},"end":{"line":35,"column":13}},"6":{"start":{"line":24,"column":12},"end":{"line":34,"column":13}},"7":{"start":{"line":25,"column":16},"end":{"line":28,"column":30}},"8":{"start":{"line":30,"column":16},"end":{"line":33,"column":27}},"9":{"start":{"line":37,"column":8},"end":{"line":39,"column":21}},"10":{"start":{"line":40,"column":8},"end":{"line":53,"column":9}},"11":{"start":{"line":43,"column":12},"end":{"line":46,"column":14}},"12":{"start":{"line":47,"column":12},"end":{"line":47,"column":18}},"13":{"start":{"line":50,"column":12},"end":{"line":51,"column":33}},"14":{"start":{"line":52,"column":12},"end":{"line":52,"column":18}},"15":{"start":{"line":55,"column":8},"end":{"line":55,"column":35}},"16":{"start":{"line":61,"column":4},"end":{"line":63,"column":9}},"17":{"start":{"line":62,"column":8},"end":{"line":62,"column":15}},"18":{"start":{"line":64,"column":4},"end":{"line":77,"column":5}},"19":{"start":{"line":70,"column":8},"end":{"line":70,"column":14}},"20":{"start":{"line":76,"column":8},"end":{"line":76,"column":14}},"21":{"start":{"line":82,"column":4},"end":{"line":84,"column":9}},"22":{"start":{"line":83,"column":8},"end":{"line":83,"column":15}},"23":{"start":{"line":85,"column":4},"end":{"line":194,"column":5}},"24":{"start":{"line":91,"column":8},"end":{"line":99,"column":10}},"25":{"start":{"line":98,"column":12},"end":{"line":98,"column":35}},"26":{"start":{"line":102,"column":8},"end":{"line":104,"column":63}},"27":{"start":{"line":105,"column":8},"end":{"line":105,"column":14}},"28":{"start":{"line":112,"column":8},"end":{"line":121,"column":10},"skip":true},"29":{"start":{"line":119,"column":12},"end":{"line":119,"column":55},"skip":true},"30":{"start":{"line":120,"column":12},"end":{"line":120,"column":48},"skip":true},"31":{"start":{"line":123,"column":8},"end":{"line":136,"column":10},"skip":true},"32":{"start":{"line":130,"column":12},"end":{"line":130,"column":76},"skip":true},"33":{"start":{"line":131,"column":12},"end":{"line":131,"column":73},"skip":true},"34":{"start":{"line":132,"column":12},"end":{"line":132,"column":74},"skip":true},"35":{"start":{"line":133,"column":12},"end":{"line":133,"column":79},"skip":true},"36":{"start":{"line":134,"column":12},"end":{"line":134,"column":25},"skip":true},"37":{"start":{"line":135,"column":12},"end":{"line":135,"column":45},"skip":true},"38":{"start":{"line":138,"column":8},"end":{"line":145,"column":14},"skip":true},"39":{"start":{"line":143,"column":16},"end":{"line":143,"column":29},"skip":true},"40":{"start":{"line":144,"column":16},"end":{"line":144,"column":55},"skip":true},"41":{"start":{"line":147,"column":8},"end":{"line":156,"column":10},"skip":true},"42":{"start":{"line":154,"column":12},"end":{"line":154,"column":25},"skip":true},"43":{"start":{"line":155,"column":12},"end":{"line":155,"column":45},"skip":true},"44":{"start":{"line":158,"column":8},"end":{"line":167,"column":10},"skip":true},"45":{"start":{"line":165,"column":12},"end":{"line":165,"column":25},"skip":true},"46":{"start":{"line":166,"column":12},"end":{"line":166,"column":48},"skip":true},"47":{"start":{"line":169,"column":8},"end":{"line":178,"column":10},"skip":true},"48":{"start":{"line":176,"column":12},"end":{"line":176,"column":25},"skip":true},"49":{"start":{"line":177,"column":12},"end":{"line":177,"column":46},"skip":true},"50":{"start":{"line":180,"column":8},"end":{"line":189,"column":10},"skip":true},"51":{"start":{"line":187,"column":12},"end":{"line":187,"column":94},"skip":true},"52":{"start":{"line":188,"column":12},"end":{"line":188,"column":48},"skip":true},"53":{"start":{"line":192,"column":8},"end":{"line":192,"column":35},"skip":true},"54":{"start":{"line":193,"column":8},"end":{"line":193,"column":14},"skip":true}},"branchMap":{"1":{"line":25,"type":"binary-expr","locations":[{"start":{"line":25,"column":23},"end":{"line":25,"column":62}},{"start":{"line":26,"column":20},"end":{"line":26,"column":70}},{"start":{"line":27,"column":20},"end":{"line":27,"column":71}},{"start":{"line":28,"column":20},"end":{"line":28,"column":29}}]},"2":{"line":30,"type":"binary-expr","locations":[{"start":{"line":30,"column":23},"end":{"line":30,"column":37}},{"start":{"line":31,"column":20},"end":{"line":31,"column":61}},{"start":{"line":32,"column":20},"end":{"line":32,"column":70}},{"start":{"line":33,"column":20},"end":{"line":33,"column":26}}]},"3":{"line":37,"type":"cond-expr","locations":[{"start":{"line":38,"column":14},"end":{"line":38,"column":20}},{"start":{"line":39,"column":14},"end":{"line":39,"column":20}}]},"4":{"line":40,"type":"switch","locations":[{"start":{"line":42,"column":8},"end":{"line":47,"column":18}},{"start":{"line":49,"column":8},"end":{"line":52,"column":18}}]},"5":{"line":44,"type":"binary-expr","locations":[{"start":{"line":44,"column":16},"end":{"line":44,"column":44}},{"start":{"line":44,"column":48},"end":{"line":44,"column":66}}]},"6":{"line":50,"type":"binary-expr","locations":[{"start":{"line":50,"column":21},"end":{"line":50,"column":49}},{"start":{"line":50,"column":53},"end":{"line":50,"column":72}}]},"7":{"line":64,"type":"switch","locations":[{"start":{"line":69,"column":4},"end":{"line":70,"column":14}},{"start":{"line":75,"column":4},"end":{"line":76,"column":14}}]},"8":{"line":85,"type":"switch","locations":[{"start":{"line":90,"column":4},"end":{"line":105,"column":14}},{"start":{"line":111,"column":4},"end":{"line":193,"column":14},"skip":true}]},"9":{"line":91,"type":"binary-expr","locations":[{"start":{"line":91,"column":42},"end":{"line":91,"column":73}},{"start":{"line":91,"column":77},"end":{"line":99,"column":9}}]},"10":{"line":102,"type":"binary-expr","locations":[{"start":{"line":102,"column":18},"end":{"line":102,"column":32}},{"start":{"line":103,"column":12},"end":{"line":103,"column":53}},{"start":{"line":104,"column":12},"end":{"line":104,"column":61}}]},"11":{"line":112,"type":"binary-expr","locations":[{"start":{"line":112,"column":45},"end":{"line":112,"column":79},"skip":true},{"start":{"line":112,"column":83},"end":{"line":121,"column":9},"skip":true}]},"12":{"line":123,"type":"binary-expr","locations":[{"start":{"line":123,"column":42},"end":{"line":123,"column":73},"skip":true},{"start":{"line":123,"column":77},"end":{"line":136,"column":9},"skip":true}]},"13":{"line":138,"type":"binary-expr","locations":[{"start":{"line":138,"column":48},"end":{"line":138,"column":85},"skip":true},{"start":{"line":139,"column":12},"end":{"line":145,"column":13},"skip":true}]},"14":{"line":147,"type":"binary-expr","locations":[{"start":{"line":147,"column":42},"end":{"line":147,"column":73},"skip":true},{"start":{"line":147,"column":77},"end":{"line":156,"column":9},"skip":true}]},"15":{"line":158,"type":"binary-expr","locations":[{"start":{"line":158,"column":45},"end":{"line":158,"column":79},"skip":true},{"start":{"line":158,"column":83},"end":{"line":167,"column":9},"skip":true}]},"16":{"line":169,"type":"binary-expr","locations":[{"start":{"line":169,"column":43},"end":{"line":169,"column":75},"skip":true},{"start":{"line":169,"column":79},"end":{"line":178,"column":9},"skip":true}]},"17":{"line":180,"type":"binary-expr","locations":[{"start":{"line":180,"column":41},"end":{"line":180,"column":71},"skip":true},{"start":{"line":180,"column":75},"end":{"line":189,"column":9},"skip":true}]}},"code":["/* istanbul instrument in package npmtest_reqwest */","/*jslint","    bitwise: true,","    browser: true,","    maxerr: 8,","    maxlen: 96,","    node: true,","    nomen: true,","    regexp: true,","    stupid: true","*/","(function () {","    'use strict';","    var local;","","","","    // run shared js-env code - init-before","    (function () {","        // init local","        local = {};","        // init modeJs","        local.modeJs = (function () {","            try {","                return typeof navigator.userAgent === 'string' &&","                    typeof document.querySelector('body') === 'object' &&","                    typeof XMLHttpRequest.prototype.open === 'function' &&","                    'browser';","            } catch (errorCaughtBrowser) {","                return module.exports &&","                    typeof process.versions.node === 'string' &&","                    typeof require('http').createServer === 'function' &&","                    'node';","            }","        }());","        // init global","        local.global = local.modeJs === 'browser'","            ? window","            : global;","        switch (local.modeJs) {","        // re-init local from window.local","        case 'browser':","            local = local.global.utility2.objectSetDefault(","                local.global.utility2_rollup || local.global.local,","                local.global.utility2","            );","            break;","        // re-init local from example.js","        case 'node':","            local = (local.global.utility2_rollup || require('utility2'))","                .requireReadme();","            break;","        }","        // export local","        local.global.local = local;","    }());","","","","    // run shared js-env code - function","    (function () {","        return;","    }());","    switch (local.modeJs) {","","","","    // run browser js-env code - function","    case 'browser':","        break;","","","","    // run node js-env code - function","    case 'node':","        break;","    }","","","","    // run shared js-env code - init-after","    (function () {","        return;","    }());","    switch (local.modeJs) {","","","","    // run browser js-env code - init-after","    case 'browser':","        local.testCase_browser_nullCase = local.testCase_browser_nullCase || function (","            options,","            onError","        ) {","        /*","         * this function will test browsers's null-case handling-behavior-behavior","         */","            onError(null, options);","        };","","        // run tests","        local.nop(local.modeTest &&","            document.querySelector('#testRunButton1') &&","            document.querySelector('#testRunButton1').click());","        break;","","","","    // run node js-env code - init-after","    /* istanbul ignore next */","    case 'node':","        local.testCase_buildApidoc_default = local.testCase_buildApidoc_default || function (","            options,","            onError","        ) {","        /*","         * this function will test buildApidoc's default handling-behavior-behavior","         */","            options = { modulePathList: module.paths };","            local.buildApidoc(options, onError);","        };","","        local.testCase_buildApp_default = local.testCase_buildApp_default || function (","            options,","            onError","        ) {","        /*","         * this function will test buildApp's default handling-behavior-behavior","         */","            local.testCase_buildReadme_default(options, local.onErrorThrow);","            local.testCase_buildLib_default(options, local.onErrorThrow);","            local.testCase_buildTest_default(options, local.onErrorThrow);","            local.testCase_buildCustomOrg_default(options, local.onErrorThrow);","            options = [];","            local.buildApp(options, onError);","        };","","        local.testCase_buildCustomOrg_default = local.testCase_buildCustomOrg_default ||","            function (options, onError) {","            /*","             * this function will test buildCustomOrg's default handling-behavior","             */","                options = {};","                local.buildCustomOrg(options, onError);","            };","","        local.testCase_buildLib_default = local.testCase_buildLib_default || function (","            options,","            onError","        ) {","        /*","         * this function will test buildLib's default handling-behavior","         */","            options = {};","            local.buildLib(options, onError);","        };","","        local.testCase_buildReadme_default = local.testCase_buildReadme_default || function (","            options,","            onError","        ) {","        /*","         * this function will test buildReadme's default handling-behavior-behavior","         */","            options = {};","            local.buildReadme(options, onError);","        };","","        local.testCase_buildTest_default = local.testCase_buildTest_default || function (","            options,","            onError","        ) {","        /*","         * this function will test buildTest's default handling-behavior","         */","            options = {};","            local.buildTest(options, onError);","        };","","        local.testCase_webpage_default = local.testCase_webpage_default || function (","            options,","            onError","        ) {","        /*","         * this function will test webpage's default handling-behavior","         */","            options = { modeCoverageMerge: true, url: local.serverLocalHost + '?modeTest=1' };","            local.browserTest(options, onError);","        };","","        // run test-server","        local.testRunServer(local);","        break;","    }","}());",""],"l":{"12":2,"14":2,"19":2,"21":2,"23":2,"24":2,"25":2,"30":1,"37":2,"40":2,"43":1,"47":1,"50":1,"52":1,"55":2,"61":2,"62":2,"64":2,"70":1,"76":1,"82":2,"83":2,"85":2,"91":1,"98":1,"102":1,"105":1,"112":1,"119":1,"120":1,"123":1,"130":1,"131":1,"132":1,"133":1,"134":1,"135":1,"138":1,"143":2,"144":2,"147":1,"154":2,"155":2,"158":1,"165":2,"166":2,"169":1,"176":2,"177":2,"180":1,"187":1,"188":1,"192":1,"193":1}},"/home/travis/build/npmtest/node-npmtest-reqwest/lib.npmtest_reqwest.js":{"path":"/home/travis/build/npmtest/node-npmtest-reqwest/lib.npmtest_reqwest.js","s":{"1":2,"2":2,"3":2,"4":2,"5":2,"6":2,"7":2,"8":1,"9":2,"10":2,"11":2,"12":2,"13":1,"14":1,"15":1,"16":1},"b":{"1":[2,1,1,1],"2":[1,1,1,1],"3":[1,1],"4":[2,2],"5":[1,1]},"f":{"1":2,"2":2,"3":2},"fnMap":{"1":{"name":"(anonymous_1)","line":12,"loc":{"start":{"line":12,"column":1},"end":{"line":12,"column":13}}},"2":{"name":"(anonymous_2)","line":19,"loc":{"start":{"line":19,"column":5},"end":{"line":19,"column":17}}},"3":{"name":"(anonymous_3)","line":23,"loc":{"start":{"line":23,"column":24},"end":{"line":23,"column":36}}}},"statementMap":{"1":{"start":{"line":12,"column":0},"end":{"line":53,"column":5}},"2":{"start":{"line":14,"column":4},"end":{"line":14,"column":14}},"3":{"start":{"line":19,"column":4},"end":{"line":52,"column":9}},"4":{"start":{"line":21,"column":8},"end":{"line":21,"column":19}},"5":{"start":{"line":23,"column":8},"end":{"line":35,"column":13}},"6":{"start":{"line":24,"column":12},"end":{"line":34,"column":13}},"7":{"start":{"line":25,"column":16},"end":{"line":28,"column":30}},"8":{"start":{"line":30,"column":16},"end":{"line":33,"column":27}},"9":{"start":{"line":37,"column":8},"end":{"line":39,"column":21}},"10":{"start":{"line":41,"column":8},"end":{"line":41,"column":54}},"11":{"start":{"line":43,"column":8},"end":{"line":43,"column":52}},"12":{"start":{"line":45,"column":8},"end":{"line":51,"column":9}},"13":{"start":{"line":46,"column":12},"end":{"line":46,"column":58}},"14":{"start":{"line":48,"column":12},"end":{"line":48,"column":35}},"15":{"start":{"line":49,"column":12},"end":{"line":49,"column":49}},"16":{"start":{"line":50,"column":12},"end":{"line":50,"column":43}}},"branchMap":{"1":{"line":25,"type":"binary-expr","locations":[{"start":{"line":25,"column":23},"end":{"line":25,"column":62}},{"start":{"line":26,"column":20},"end":{"line":26,"column":70}},{"start":{"line":27,"column":20},"end":{"line":27,"column":71}},{"start":{"line":28,"column":20},"end":{"line":28,"column":29}}]},"2":{"line":30,"type":"binary-expr","locations":[{"start":{"line":30,"column":23},"end":{"line":30,"column":37}},{"start":{"line":31,"column":20},"end":{"line":31,"column":61}},{"start":{"line":32,"column":20},"end":{"line":32,"column":70}},{"start":{"line":33,"column":20},"end":{"line":33,"column":26}}]},"3":{"line":37,"type":"cond-expr","locations":[{"start":{"line":38,"column":14},"end":{"line":38,"column":20}},{"start":{"line":39,"column":14},"end":{"line":39,"column":20}}]},"4":{"line":41,"type":"binary-expr","locations":[{"start":{"line":41,"column":16},"end":{"line":41,"column":44}},{"start":{"line":41,"column":48},"end":{"line":41,"column":53}}]},"5":{"line":45,"type":"if","locations":[{"start":{"line":45,"column":8},"end":{"line":45,"column":8}},{"start":{"line":45,"column":8},"end":{"line":45,"column":8}}]}},"code":["/* istanbul instrument in package npmtest_reqwest */","/*jslint","    bitwise: true,","    browser: true,","    maxerr: 8,","    maxlen: 96,","    node: true,","    nomen: true,","    regexp: true,","    stupid: true","*/","(function () {","    'use strict';","    var local;","","","","    // run shared js-env code - init-before","    (function () {","        // init local","        local = {};","        // init modeJs","        local.modeJs = (function () {","            try {","                return typeof navigator.userAgent === 'string' &&","                    typeof document.querySelector('body') === 'object' &&","                    typeof XMLHttpRequest.prototype.open === 'function' &&","                    'browser';","            } catch (errorCaughtBrowser) {","                return module.exports &&","                    typeof process.versions.node === 'string' &&","                    typeof require('http').createServer === 'function' &&","                    'node';","            }","        }());","        // init global","        local.global = local.modeJs === 'browser'","            ? window","            : global;","        // init utility2_rollup","        local = local.global.utility2_rollup || local;","        // init lib","        local.local = local.npmtest_reqwest = local;","        // init exports","        if (local.modeJs === 'browser') {","            local.global.utility2_npmtest_reqwest = local;","        } else {","            module.exports = local;","            module.exports.__dirname = __dirname;","            module.exports.module = module;","        }","    }());","}());",""],"l":{"12":2,"14":2,"19":2,"21":2,"23":2,"24":2,"25":2,"30":1,"37":2,"41":2,"43":2,"45":2,"46":1,"48":1,"49":1,"50":1}},"/home/travis/build/npmtest/node-npmtest-reqwest/example.js":{"path":"/home/travis/build/npmtest/node-npmtest-reqwest/example.js","s":{"1":2,"2":2,"3":2,"4":2,"5":2,"6":2,"7":2,"8":1,"9":2,"10":2,"11":2,"12":2,"13":1,"14":2,"15":2,"16":2,"17":2,"18":2,"19":0,"20":2,"21":1,"22":1,"23":1,"24":1,"25":1,"26":0,"27":0,"28":1,"29":1,"30":2,"31":0,"32":0,"33":0,"34":1,"35":2,"36":2,"37":3,"38":3,"39":3,"40":3,"41":0,"42":3,"43":3,"44":3,"45":1,"46":3,"47":1,"48":1,"49":1,"50":1,"51":1,"52":1,"53":1,"54":1,"55":1,"56":1,"57":0,"58":1,"59":6,"60":6,"61":1,"62":2,"63":0,"64":2,"65":1,"66":1,"67":0,"68":0,"69":0,"70":0,"71":0,"72":0,"73":0,"74":0,"75":0,"76":0,"77":0,"78":0,"79":0,"80":0,"81":0,"82":0,"83":0},"b":{"1":[2,1,1,1],"2":[1,1,1,1],"3":[1,1],"4":[2,2],"5":[1,1],"6":[1,1],"7":[2,0],"8":[2,1,1,1,1,1],"9":[0,2,0],"10":[1,1],"11":[2,1,1],"12":[1,0],"13":[0,2],"14":[2,0,0,0,0,0,0],"15":[0,3],"16":[3,0],"17":[1,1],"18":[0,1],"19":[1,2,0,2],"20":[1,0],"21":[1,1],"22":[0,0],"23":[0,0],"24":[0,0],"25":[0,0],"26":[0,0],"27":[0,0],"28":[0,0]},"f":{"1":2,"2":2,"3":2,"4":2,"5":2,"6":2,"7":3,"8":3,"9":3,"10":1,"11":6,"12":0},"fnMap":{"1":{"name":"(anonymous_1)","line":26,"loc":{"start":{"line":26,"column":1},"end":{"line":26,"column":13}}},"2":{"name":"(anonymous_2)","line":33,"loc":{"start":{"line":33,"column":5},"end":{"line":33,"column":17}}},"3":{"name":"(anonymous_3)","line":37,"loc":{"start":{"line":37,"column":24},"end":{"line":37,"column":36}}},"4":{"name":"(anonymous_4)","line":69,"loc":{"start":{"line":69,"column":31},"end":{"line":69,"column":48}},"skip":true},"5":{"name":"(anonymous_5)","line":78,"loc":{"start":{"line":78,"column":26},"end":{"line":78,"column":45}},"skip":true},"6":{"name":"(anonymous_6)","line":123,"loc":{"start":{"line":123,"column":33},"end":{"line":123,"column":48}},"skip":true},"7":{"name":"(anonymous_7)","line":125,"loc":{"start":{"line":125,"column":27},"end":{"line":125,"column":39}},"skip":true},"8":{"name":"(anonymous_8)","line":133,"loc":{"start":{"line":133,"column":59},"end":{"line":133,"column":74}},"skip":true},"9":{"name":"(anonymous_9)","line":143,"loc":{"start":{"line":143,"column":45},"end":{"line":143,"column":62}},"skip":true},"10":{"name":"(anonymous_10)","line":144,"loc":{"start":{"line":144,"column":73},"end":{"line":144,"column":92}},"skip":true},"11":{"name":"(anonymous_11)","line":272,"loc":{"start":{"line":272,"column":51},"end":{"line":272,"column":77}},"skip":true},"12":{"name":"(anonymous_12)","line":315,"loc":{"start":{"line":315,"column":32},"end":{"line":315,"column":61}},"skip":true}},"statementMap":{"1":{"start":{"line":26,"column":0},"end":{"line":326,"column":5}},"2":{"start":{"line":28,"column":4},"end":{"line":28,"column":14}},"3":{"start":{"line":33,"column":4},"end":{"line":60,"column":9}},"4":{"start":{"line":35,"column":8},"end":{"line":35,"column":19}},"5":{"start":{"line":37,"column":8},"end":{"line":49,"column":13}},"6":{"start":{"line":38,"column":12},"end":{"line":48,"column":13}},"7":{"start":{"line":39,"column":16},"end":{"line":42,"column":30}},"8":{"start":{"line":44,"column":16},"end":{"line":47,"column":27}},"9":{"start":{"line":51,"column":8},"end":{"line":53,"column":21}},"10":{"start":{"line":55,"column":8},"end":{"line":57,"column":45}},"11":{"start":{"line":59,"column":8},"end":{"line":59,"column":35}},"12":{"start":{"line":61,"column":4},"end":{"line":325,"column":5}},"13":{"start":{"line":69,"column":8},"end":{"line":121,"column":10},"skip":true},"14":{"start":{"line":70,"column":12},"end":{"line":88,"column":13},"skip":true},"15":{"start":{"line":76,"column":16},"end":{"line":87,"column":19},"skip":true},"16":{"start":{"line":79,"column":20},"end":{"line":86,"column":21},"skip":true},"17":{"start":{"line":82,"column":24},"end":{"line":82,"column":43},"skip":true},"18":{"start":{"line":83,"column":24},"end":{"line":83,"column":30},"skip":true},"19":{"start":{"line":85,"column":24},"end":{"line":85,"column":49},"skip":true},"20":{"start":{"line":89,"column":12},"end":{"line":107,"column":13},"skip":true},"21":{"start":{"line":92,"column":16},"end":{"line":102,"column":17},"skip":true},"22":{"start":{"line":93,"column":20},"end":{"line":93,"column":86},"skip":true},"23":{"start":{"line":94,"column":20},"end":{"line":95,"column":45},"skip":true},"24":{"start":{"line":96,"column":20},"end":{"line":96,"column":42},"skip":true},"25":{"start":{"line":97,"column":20},"end":{"line":97,"column":48},"skip":true},"26":{"start":{"line":100,"column":20},"end":{"line":100,"column":85},"skip":true},"27":{"start":{"line":101,"column":20},"end":{"line":101,"column":96},"skip":true},"28":{"start":{"line":103,"column":16},"end":{"line":103,"column":22},"skip":true},"29":{"start":{"line":106,"column":16},"end":{"line":106,"column":22},"skip":true},"30":{"start":{"line":108,"column":12},"end":{"line":120,"column":13},"skip":true},"31":{"start":{"line":114,"column":16},"end":{"line":119,"column":17},"skip":true},"32":{"start":{"line":116,"column":20},"end":{"line":116,"column":78},"skip":true},"33":{"start":{"line":118,"column":20},"end":{"line":118,"column":47},"skip":true},"34":{"start":{"line":123,"column":8},"end":{"line":141,"column":11},"skip":true},"35":{"start":{"line":124,"column":12},"end":{"line":124,"column":54},"skip":true},"36":{"start":{"line":125,"column":12},"end":{"line":140,"column":14},"skip":true},"37":{"start":{"line":126,"column":16},"end":{"line":126,"column":28},"skip":true},"38":{"start":{"line":127,"column":16},"end":{"line":127,"column":69},"skip":true},"39":{"start":{"line":128,"column":16},"end":{"line":128,"column":75},"skip":true},"40":{"start":{"line":129,"column":16},"end":{"line":131,"column":17},"skip":true},"41":{"start":{"line":130,"column":20},"end":{"line":130,"column":27},"skip":true},"42":{"start":{"line":133,"column":16},"end":{"line":137,"column":36},"skip":true},"43":{"start":{"line":134,"column":20},"end":{"line":136,"column":55},"skip":true},"44":{"start":{"line":139,"column":16},"end":{"line":139,"column":57},"skip":true},"45":{"start":{"line":143,"column":8},"end":{"line":147,"column":11},"skip":true},"46":{"start":{"line":144,"column":12},"end":{"line":146,"column":15},"skip":true},"47":{"start":{"line":145,"column":16},"end":{"line":145,"column":70},"skip":true},"48":{"start":{"line":149,"column":8},"end":{"line":149,"column":31},"skip":true},"49":{"start":{"line":150,"column":8},"end":{"line":150,"column":14},"skip":true},"50":{"start":{"line":158,"column":8},"end":{"line":158,"column":31},"skip":true},"51":{"start":{"line":160,"column":8},"end":{"line":160,"column":33},"skip":true},"52":{"start":{"line":161,"column":8},"end":{"line":161,"column":37},"skip":true},"53":{"start":{"line":162,"column":8},"end":{"line":162,"column":35},"skip":true},"54":{"start":{"line":164,"column":8},"end":{"line":164,"column":50},"skip":true},"55":{"start":{"line":166,"column":8},"end":{"line":256,"column":2},"skip":true},"56":{"start":{"line":258,"column":8},"end":{"line":286,"column":9},"skip":true},"57":{"start":{"line":259,"column":12},"end":{"line":269,"column":14},"skip":true},"58":{"start":{"line":271,"column":12},"end":{"line":285,"column":19},"skip":true},"59":{"start":{"line":274,"column":20},"end":{"line":274,"column":35},"skip":true},"60":{"start":{"line":275,"column":20},"end":{"line":284,"column":21},"skip":true},"61":{"start":{"line":277,"column":24},"end":{"line":277,"column":64},"skip":true},"62":{"start":{"line":279,"column":24},"end":{"line":279,"column":40},"skip":true},"63":{"start":{"line":281,"column":24},"end":{"line":281,"column":40},"skip":true},"64":{"start":{"line":283,"column":24},"end":{"line":283,"column":39},"skip":true},"65":{"start":{"line":288,"column":8},"end":{"line":290,"column":9},"skip":true},"66":{"start":{"line":289,"column":12},"end":{"line":289,"column":18},"skip":true},"67":{"start":{"line":291,"column":8},"end":{"line":293,"column":54},"skip":true},"68":{"start":{"line":296,"column":8},"end":{"line":301,"column":37},"skip":true},"69":{"start":{"line":303,"column":8},"end":{"line":303,"column":82},"skip":true},"70":{"start":{"line":306,"column":8},"end":{"line":308,"column":9},"skip":true},"71":{"start":{"line":307,"column":12},"end":{"line":307,"column":82},"skip":true},"72":{"start":{"line":310,"column":8},"end":{"line":312,"column":9},"skip":true},"73":{"start":{"line":311,"column":12},"end":{"line":311,"column":18},"skip":true},"74":{"start":{"line":313,"column":8},"end":{"line":313,"column":54},"skip":true},"75":{"start":{"line":314,"column":8},"end":{"line":314,"column":69},"skip":true},"76":{"start":{"line":315,"column":8},"end":{"line":323,"column":36},"skip":true},"77":{"start":{"line":316,"column":12},"end":{"line":316,"column":61},"skip":true},"78":{"start":{"line":317,"column":12},"end":{"line":320,"column":13},"skip":true},"79":{"start":{"line":318,"column":16},"end":{"line":318,"column":75},"skip":true},"80":{"start":{"line":319,"column":16},"end":{"line":319,"column":23},"skip":true},"81":{"start":{"line":321,"column":12},"end":{"line":321,"column":38},"skip":true},"82":{"start":{"line":322,"column":12},"end":{"line":322,"column":27},"skip":true},"83":{"start":{"line":324,"column":8},"end":{"line":324,"column":14},"skip":true}},"branchMap":{"1":{"line":39,"type":"binary-expr","locations":[{"start":{"line":39,"column":23},"end":{"line":39,"column":62}},{"start":{"line":40,"column":20},"end":{"line":40,"column":70}},{"start":{"line":41,"column":20},"end":{"line":41,"column":71}},{"start":{"line":42,"column":20},"end":{"line":42,"column":29}}]},"2":{"line":44,"type":"binary-expr","locations":[{"start":{"line":44,"column":23},"end":{"line":44,"column":37}},{"start":{"line":45,"column":20},"end":{"line":45,"column":61}},{"start":{"line":46,"column":20},"end":{"line":46,"column":70}},{"start":{"line":47,"column":20},"end":{"line":47,"column":26}}]},"3":{"line":51,"type":"cond-expr","locations":[{"start":{"line":52,"column":14},"end":{"line":52,"column":20}},{"start":{"line":53,"column":14},"end":{"line":53,"column":20}}]},"4":{"line":55,"type":"binary-expr","locations":[{"start":{"line":55,"column":16},"end":{"line":55,"column":44}},{"start":{"line":55,"column":49},"end":{"line":57,"column":43}}]},"5":{"line":55,"type":"cond-expr","locations":[{"start":{"line":56,"column":14},"end":{"line":56,"column":51}},{"start":{"line":57,"column":14},"end":{"line":57,"column":43}}]},"6":{"line":61,"type":"switch","locations":[{"start":{"line":68,"column":4},"end":{"line":150,"column":14},"skip":true},{"start":{"line":156,"column":4},"end":{"line":324,"column":14},"skip":true}]},"7":{"line":70,"type":"if","locations":[{"start":{"line":70,"column":12},"end":{"line":70,"column":12},"skip":true},{"start":{"line":70,"column":12},"end":{"line":70,"column":12},"skip":true}]},"8":{"line":70,"type":"binary-expr","locations":[{"start":{"line":70,"column":16},"end":{"line":70,"column":22},"skip":true},{"start":{"line":70,"column":27},"end":{"line":70,"column":32},"skip":true},{"start":{"line":71,"column":20},"end":{"line":71,"column":39},"skip":true},{"start":{"line":72,"column":20},"end":{"line":72,"column":49},"skip":true},{"start":{"line":73,"column":20},"end":{"line":73,"column":58},"skip":true},{"start":{"line":74,"column":20},"end":{"line":74,"column":69},"skip":true}]},"9":{"line":79,"type":"switch","locations":[{"start":{"line":80,"column":20},"end":{"line":80,"column":33},"skip":true},{"start":{"line":81,"column":20},"end":{"line":83,"column":30},"skip":true},{"start":{"line":84,"column":20},"end":{"line":85,"column":49},"skip":true}]},"10":{"line":89,"type":"switch","locations":[{"start":{"line":90,"column":12},"end":{"line":103,"column":22},"skip":true},{"start":{"line":105,"column":12},"end":{"line":106,"column":22},"skip":true}]},"11":{"line":89,"type":"binary-expr","locations":[{"start":{"line":89,"column":20},"end":{"line":89,"column":25},"skip":true},{"start":{"line":89,"column":29},"end":{"line":89,"column":48},"skip":true},{"start":{"line":89,"column":52},"end":{"line":89,"column":74},"skip":true}]},"12":{"line":92,"type":"if","locations":[{"start":{"line":92,"column":16},"end":{"line":92,"column":16},"skip":true},{"start":{"line":92,"column":16},"end":{"line":92,"column":16},"skip":true}]},"13":{"line":108,"type":"if","locations":[{"start":{"line":108,"column":12},"end":{"line":108,"column":12},"skip":true},{"start":{"line":108,"column":12},"end":{"line":108,"column":12},"skip":true}]},"14":{"line":108,"type":"binary-expr","locations":[{"start":{"line":108,"column":16},"end":{"line":108,"column":61},"skip":true},{"start":{"line":108,"column":66},"end":{"line":108,"column":72},"skip":true},{"start":{"line":108,"column":77},"end":{"line":108,"column":82},"skip":true},{"start":{"line":109,"column":20},"end":{"line":109,"column":39},"skip":true},{"start":{"line":110,"column":20},"end":{"line":110,"column":49},"skip":true},{"start":{"line":111,"column":20},"end":{"line":111,"column":58},"skip":true},{"start":{"line":112,"column":20},"end":{"line":112,"column":68},"skip":true}]},"15":{"line":129,"type":"if","locations":[{"start":{"line":129,"column":16},"end":{"line":129,"column":16},"skip":true},{"start":{"line":129,"column":16},"end":{"line":129,"column":16},"skip":true}]},"16":{"line":134,"type":"cond-expr","locations":[{"start":{"line":135,"column":26},"end":{"line":135,"column":29},"skip":true},{"start":{"line":136,"column":26},"end":{"line":136,"column":54},"skip":true}]},"17":{"line":164,"type":"binary-expr","locations":[{"start":{"line":164,"column":27},"end":{"line":164,"column":43},"skip":true},{"start":{"line":164,"column":47},"end":{"line":164,"column":49},"skip":true}]},"18":{"line":258,"type":"if","locations":[{"start":{"line":258,"column":8},"end":{"line":258,"column":8},"skip":true},{"start":{"line":258,"column":8},"end":{"line":258,"column":8},"skip":true}]},"19":{"line":275,"type":"switch","locations":[{"start":{"line":276,"column":20},"end":{"line":277,"column":64},"skip":true},{"start":{"line":278,"column":20},"end":{"line":279,"column":40},"skip":true},{"start":{"line":280,"column":20},"end":{"line":281,"column":40},"skip":true},{"start":{"line":282,"column":20},"end":{"line":283,"column":39},"skip":true}]},"20":{"line":288,"type":"if","locations":[{"start":{"line":288,"column":8},"end":{"line":288,"column":8},"skip":true},{"start":{"line":288,"column":8},"end":{"line":288,"column":8},"skip":true}]},"21":{"line":288,"type":"binary-expr","locations":[{"start":{"line":288,"column":12},"end":{"line":288,"column":40},"skip":true},{"start":{"line":288,"column":44},"end":{"line":288,"column":67},"skip":true}]},"22":{"line":292,"type":"binary-expr","locations":[{"start":{"line":292,"column":12},"end":{"line":292,"column":50},"skip":true},{"start":{"line":293,"column":12},"end":{"line":293,"column":53},"skip":true}]},"23":{"line":297,"type":"binary-expr","locations":[{"start":{"line":297,"column":12},"end":{"line":297,"column":65},"skip":true},{"start":{"line":298,"column":12},"end":{"line":301,"column":36},"skip":true}]},"24":{"line":303,"type":"binary-expr","locations":[{"start":{"line":303,"column":43},"end":{"line":303,"column":75},"skip":true},{"start":{"line":303,"column":79},"end":{"line":303,"column":81},"skip":true}]},"25":{"line":306,"type":"if","locations":[{"start":{"line":306,"column":8},"end":{"line":306,"column":8},"skip":true},{"start":{"line":306,"column":8},"end":{"line":306,"column":8},"skip":true}]},"26":{"line":310,"type":"if","locations":[{"start":{"line":310,"column":8},"end":{"line":310,"column":8},"skip":true},{"start":{"line":310,"column":8},"end":{"line":310,"column":8},"skip":true}]},"27":{"line":313,"type":"binary-expr","locations":[{"start":{"line":313,"column":27},"end":{"line":313,"column":43},"skip":true},{"start":{"line":313,"column":47},"end":{"line":313,"column":53},"skip":true}]},"28":{"line":317,"type":"if","locations":[{"start":{"line":317,"column":12},"end":{"line":317,"column":12},"skip":true},{"start":{"line":317,"column":12},"end":{"line":317,"column":12},"skip":true}]}},"code":["/*","example.js","","quickstart example","","instruction","    1. save this script as example.js","    2. run the shell command:","        $ npm install npmtest-reqwest && PORT=8081 node example.js","    3. play with the browser-demo on http://127.0.0.1:8081","*/","","","","/* istanbul instrument in package npmtest_reqwest */","/*jslint","    bitwise: true,","    browser: true,","    maxerr: 8,","    maxlen: 96,","    node: true,","    nomen: true,","    regexp: true,","    stupid: true","*/","(function () {","    'use strict';","    var local;","","","","    // run shared js-env code - init-before","    (function () {","        // init local","        local = {};","        // init modeJs","        local.modeJs = (function () {","            try {","                return typeof navigator.userAgent === 'string' &&","                    typeof document.querySelector('body') === 'object' &&","                    typeof XMLHttpRequest.prototype.open === 'function' &&","                    'browser';","            } catch (errorCaughtBrowser) {","                return module.exports &&","                    typeof process.versions.node === 'string' &&","                    typeof require('http').createServer === 'function' &&","                    'node';","            }","        }());","        // init global","        local.global = local.modeJs === 'browser'","            ? window","            : global;","        // init utility2_rollup","        local = local.global.utility2_rollup || (local.modeJs === 'browser'","            ? local.global.utility2_npmtest_reqwest","            : global.utility2_moduleExports);","        // export local","        local.global.local = local;","    }());","    switch (local.modeJs) {","","","","    // init-after","    // run browser js-env code - init-after","    /* istanbul ignore next */","    case 'browser':","        local.testRunBrowser = function (event) {","            if (!event || (event &&","                    event.currentTarget &&","                    event.currentTarget.className &&","                    event.currentTarget.className.includes &&","                    event.currentTarget.className.includes('onreset'))) {","                // reset output","                Array.from(","                    document.querySelectorAll('body > .resettable')","                ).forEach(function (element) {","                    switch (element.tagName) {","                    case 'INPUT':","                    case 'TEXTAREA':","                        element.value = '';","                        break;","                    default:","                        element.textContent = '';","                    }","                });","            }","            switch (event && event.currentTarget && event.currentTarget.id) {","            case 'testRunButton1':","                // show tests","                if (document.querySelector('#testReportDiv1').style.display === 'none') {","                    document.querySelector('#testReportDiv1').style.display = 'block';","                    document.querySelector('#testRunButton1').textContent =","                        'hide internal test';","                    local.modeTest = true;","                    local.testRunDefault(local);","                // hide tests","                } else {","                    document.querySelector('#testReportDiv1').style.display = 'none';","                    document.querySelector('#testRunButton1').textContent = 'run internal test';","                }","                break;","            // custom-case","            default:","                break;","            }","            if (document.querySelector('#inputTextareaEval1') && (!event || (event &&","                    event.currentTarget &&","                    event.currentTarget.className &&","                    event.currentTarget.className.includes &&","                    event.currentTarget.className.includes('oneval')))) {","                // try to eval input-code","                try {","                    /*jslint evil: true*/","                    eval(document.querySelector('#inputTextareaEval1').value);","                } catch (errorCaught) {","                    console.error(errorCaught);","                }","            }","        };","        // log stderr and stdout to #outputTextareaStdout1","        ['error', 'log'].forEach(function (key) {","            console[key + '_original'] = console[key];","            console[key] = function () {","                var element;","                console[key + '_original'].apply(console, arguments);","                element = document.querySelector('#outputTextareaStdout1');","                if (!element) {","                    return;","                }","                // append text to #outputTextareaStdout1","                element.value += Array.from(arguments).map(function (arg) {","                    return typeof arg === 'string'","                        ? arg","                        : JSON.stringify(arg, null, 4);","                }).join(' ') + '\\n';","                // scroll textarea to bottom","                element.scrollTop = element.scrollHeight;","            };","        });","        // init event-handling","        ['change', 'click', 'keyup'].forEach(function (event) {","            Array.from(document.querySelectorAll('.on' + event)).forEach(function (element) {","                element.addEventListener(event, local.testRunBrowser);","            });","        });","        // run tests","        local.testRunBrowser();","        break;","","","","    // run node js-env code - init-after","    /* istanbul ignore next */","    case 'node':","        // export local","        module.exports = local;","        // require modules","        local.fs = require('fs');","        local.http = require('http');","        local.url = require('url');","        // init assets","        local.assetsDict = local.assetsDict || {};","        /* jslint-ignore-begin */","        local.assetsDict['/assets.index.template.html'] = '\\","<!doctype html>\\n\\","<html lang=\"en\">\\n\\","<head>\\n\\","<meta charset=\"UTF-8\">\\n\\","<meta name=\"viewport\" content=\"width=device-width, initial-scale=1\">\\n\\","<title>{{env.npm_package_name}} (v{{env.npm_package_version}})</title>\\n\\","<style>\\n\\","/*csslint\\n\\","    box-sizing: false,\\n\\","    universal-selector: false\\n\\","*/\\n\\","* {\\n\\","    box-sizing: border-box;\\n\\","}\\n\\","body {\\n\\","    background: #dde;\\n\\","    font-family: Arial, Helvetica, sans-serif;\\n\\","    margin: 2rem;\\n\\","}\\n\\","body > * {\\n\\","    margin-bottom: 1rem;\\n\\","}\\n\\",".utility2FooterDiv {\\n\\","    margin-top: 20px;\\n\\","    text-align: center;\\n\\","}\\n\\","</style>\\n\\","<style>\\n\\","/*csslint\\n\\","*/\\n\\","textarea {\\n\\","    font-family: monospace;\\n\\","    height: 10rem;\\n\\","    width: 100%;\\n\\","}\\n\\","textarea[readonly] {\\n\\","    background: #ddd;\\n\\","}\\n\\","</style>\\n\\","</head>\\n\\","<body>\\n\\","<!-- utility2-comment\\n\\","<div id=\"ajaxProgressDiv1\" style=\"background: #d00; height: 2px; left: 0; margin: 0; padding: 0; position: fixed; top: 0; transition: background 0.5s, width 1.5s; width: 25%;\"></div>\\n\\","utility2-comment -->\\n\\","<h1>\\n\\","<!-- utility2-comment\\n\\","    <a\\n\\","        {{#if env.npm_package_homepage}}\\n\\","        href=\"{{env.npm_package_homepage}}\"\\n\\","        {{/if env.npm_package_homepage}}\\n\\","        target=\"_blank\"\\n\\","    >\\n\\","utility2-comment -->\\n\\","        {{env.npm_package_name}} (v{{env.npm_package_version}})\\n\\","<!-- utility2-comment\\n\\","    </a>\\n\\","utility2-comment -->\\n\\","</h1>\\n\\","<h3>{{env.npm_package_description}}</h3>\\n\\","<!-- utility2-comment\\n\\","<h4><a download href=\"assets.app.js\">download standalone app</a></h4>\\n\\","<button class=\"onclick onreset\" id=\"testRunButton1\">run internal test</button><br>\\n\\","<div id=\"testReportDiv1\" style=\"display: none;\"></div>\\n\\","utility2-comment -->\\n\\","\\n\\","\\n\\","\\n\\","<label>stderr and stdout</label>\\n\\","<textarea class=\"resettable\" id=\"outputTextareaStdout1\" readonly></textarea>\\n\\","<!-- utility2-comment\\n\\","{{#if isRollup}}\\n\\","<script src=\"assets.app.js\"></script>\\n\\","{{#unless isRollup}}\\n\\","utility2-comment -->\\n\\","<script src=\"assets.utility2.rollup.js\"></script>\\n\\","<script src=\"jsonp.utility2._stateInit?callback=window.utility2._stateInit\"></script>\\n\\","<script src=\"assets.npmtest_reqwest.rollup.js\"></script>\\n\\","<script src=\"assets.example.js\"></script>\\n\\","<script src=\"assets.test.js\"></script>\\n\\","<!-- utility2-comment\\n\\","{{/if isRollup}}\\n\\","utility2-comment -->\\n\\","<div class=\"utility2FooterDiv\">\\n\\","    [ this app was created with\\n\\","    <a href=\"https://github.com/kaizhu256/node-utility2\" target=\"_blank\">utility2</a>\\n\\","    ]\\n\\","</div>\\n\\","</body>\\n\\","</html>\\n\\","';","        /* jslint-ignore-end */","        if (local.templateRender) {","            local.assetsDict['/'] = local.templateRender(","                local.assetsDict['/assets.index.template.html'],","                {","                    env: local.objectSetDefault(local.env, {","                        npm_package_description: 'the greatest app in the world!',","                        npm_package_name: 'my-app',","                        npm_package_nameAlias: 'my_app',","                        npm_package_version: '0.0.1'","                    })","                }","            );","        } else {","            local.assetsDict['/'] = local.assetsDict['/assets.index.template.html']","                .replace((/\\{\\{env\\.(\\w+?)\\}\\}/g), function (match0, match1) {","                    // jslint-hack","                    String(match0);","                    switch (match1) {","                    case 'npm_package_description':","                        return 'the greatest app in the world!';","                    case 'npm_package_name':","                        return 'my-app';","                    case 'npm_package_nameAlias':","                        return 'my_app';","                    case 'npm_package_version':","                        return '0.0.1';","                    }","                });","        }","        // run the cli","        if (local.global.utility2_rollup || module !== require.main) {","            break;","        }","        local.assetsDict['/assets.example.js'] =","            local.assetsDict['/assets.example.js'] ||","            local.fs.readFileSync(__filename, 'utf8');","        // bug-workaround - long $npm_package_buildCustomOrg","        /* jslint-ignore-begin */","        local.assetsDict['/assets.npmtest_reqwest.rollup.js'] =","            local.assetsDict['/assets.npmtest_reqwest.rollup.js'] ||","            local.fs.readFileSync(","                local.npmtest_reqwest.__dirname + '/lib.npmtest_reqwest.js',","                'utf8'","            ).replace((/^#!/), '//');","        /* jslint-ignore-end */","        local.assetsDict['/favicon.ico'] = local.assetsDict['/favicon.ico'] || '';","        // if $npm_config_timeout_exit exists,","        // then exit this process after $npm_config_timeout_exit ms","        if (Number(process.env.npm_config_timeout_exit)) {","            setTimeout(process.exit, Number(process.env.npm_config_timeout_exit));","        }","        // start server","        if (local.global.utility2_serverHttp1) {","            break;","        }","        process.env.PORT = process.env.PORT || '8081';","        console.error('server starting on port ' + process.env.PORT);","        local.http.createServer(function (request, response) {","            request.urlParsed = local.url.parse(request.url);","            if (local.assetsDict[request.urlParsed.pathname] !== undefined) {","                response.end(local.assetsDict[request.urlParsed.pathname]);","                return;","            }","            response.statusCode = 404;","            response.end();","        }).listen(process.env.PORT);","        break;","    }","}());",""],"l":{"26":2,"28":2,"33":2,"35":2,"37":2,"38":2,"39":2,"44":1,"51":2,"55":2,"59":2,"61":2,"69":1,"70":2,"76":2,"79":2,"82":2,"83":2,"85":1,"89":2,"92":1,"93":1,"94":1,"96":1,"97":1,"100":1,"101":1,"103":1,"106":1,"108":2,"114":1,"116":1,"118":1,"123":1,"124":2,"125":2,"126":3,"127":3,"128":3,"129":3,"130":1,"133":3,"134":3,"139":3,"143":1,"144":3,"145":1,"149":1,"150":1,"158":1,"160":1,"161":1,"162":1,"164":1,"166":1,"258":1,"259":1,"271":1,"274":6,"275":6,"277":1,"279":2,"281":1,"283":2,"288":1,"289":1,"291":1,"296":1,"303":1,"306":1,"307":1,"310":1,"311":1,"313":1,"314":1,"315":1,"316":1,"317":1,"318":1,"319":1,"321":1,"322":1,"324":1}},"/home/travis/build/npmtest/node-npmtest-reqwest/node_modules/reqwest/reqwest.js":{"path":"/home/travis/build/npmtest/node-npmtest-reqwest/node_modules/reqwest/reqwest.js","s":{"1":2,"2":2,"3":2,"4":0,"5":0,"6":0,"7":2,"8":2,"9":0,"10":2,"11":2,"12":2,"13":2,"14":0,"15":0,"16":0,"17":0,"18":0,"19":0,"20":0,"21":0,"22":0,"23":0,"24":0,"25":0,"26":0,"27":0,"28":0,"29":1,"30":0,"31":0,"32":0,"33":1,"34":0,"35":0,"36":0,"37":0,"38":0,"39":0,"40":0,"41":0,"42":0,"43":0,"44":1,"45":0,"46":0,"47":0,"48":0,"49":0,"50":0,"51":0,"52":0,"53":0,"54":1,"55":0,"56":0,"57":1,"58":0,"59":1,"60":0,"61":1,"62":0,"63":0,"64":0,"65":0,"66":0,"67":0,"68":0,"69":0,"70":0,"71":0,"72":0,"73":0,"74":0,"75":0,"76":0,"77":0,"78":0,"79":0,"80":0,"81":0,"82":0,"83":0,"84":0,"85":0,"86":0,"87":0,"88":0,"89":0,"90":1,"91":0,"92":0,"93":0,"94":0,"95":0,"96":0,"97":0,"98":0,"99":0,"100":0,"101":0,"102":0,"103":0,"104":0,"105":0,"106":0,"107":0,"108":0,"109":0,"110":0,"111":0,"112":0,"113":1,"114":0,"115":0,"116":0,"117":1,"118":0,"119":0,"120":0,"121":0,"122":0,"123":0,"124":0,"125":0,"126":0,"127":0,"128":1,"129":0,"130":0,"131":0,"132":0,"133":0,"134":0,"135":0,"136":0,"137":0,"138":0,"139":0,"140":0,"141":0,"142":0,"143":0,"144":0,"145":0,"146":0,"147":0,"148":0,"149":0,"150":0,"151":0,"152":1,"153":0,"154":0,"155":0,"156":0,"157":1,"158":0,"159":0,"160":0,"161":0,"162":0,"163":0,"164":0,"165":0,"166":0,"167":0,"168":0,"169":0,"170":0,"171":0,"172":0,"173":0,"174":0,"175":0,"176":0,"177":0,"178":0,"179":0,"180":0,"181":0,"182":1,"183":0,"184":0,"185":1,"186":0,"187":0,"188":0,"189":0,"190":0,"191":0,"192":0,"193":0,"194":0,"195":0,"196":0,"197":0,"198":0,"199":0,"200":0,"201":0,"202":0,"203":0,"204":0,"205":0,"206":0,"207":0,"208":0,"209":0,"210":0,"211":0,"212":0,"213":0,"214":0,"215":0,"216":0,"217":1,"218":0,"219":1,"220":0,"221":1,"222":0,"223":0,"224":0,"225":0,"226":0,"227":0,"228":0,"229":0,"230":0,"231":0,"232":0,"233":0,"234":0,"235":0,"236":0,"237":0,"238":0,"239":0,"240":0,"241":1,"242":0,"243":0,"244":0,"245":0,"246":0,"247":0,"248":0,"249":0,"250":0,"251":0,"252":0,"253":1,"254":0,"255":1,"256":0,"257":0,"258":0,"259":0,"260":0,"261":0,"262":0,"263":0,"264":0,"265":0,"266":0,"267":0,"268":0,"269":0,"270":0,"271":0,"272":0,"273":0,"274":0,"275":0,"276":0,"277":0,"278":0,"279":0,"280":0,"281":0,"282":0,"283":0,"284":0,"285":0,"286":0,"287":0,"288":0,"289":0,"290":0,"291":0,"292":1,"293":0,"294":0,"295":0,"296":0,"297":0,"298":0,"299":0,"300":0,"301":0,"302":0,"303":0,"304":0,"305":0,"306":0,"307":0,"308":0,"309":0,"310":0,"311":0,"312":0,"313":0,"314":0,"315":0,"316":0,"317":0},"b":{"1":[2,0],"2":[2,2],"3":[0,0],"4":[0,0],"5":[0,2],"6":[0,0],"7":[0,0],"8":[0,0],"9":[0,0],"10":[0,0],"11":[0,0],"12":[0,0],"13":[0,0],"14":[0,0,0],"15":[0,0],"16":[0,0],"17":[0,0],"18":[0,0],"19":[0,0],"20":[0,0],"21":[0,0],"22":[0,0,0],"23":[0,0],"24":[0,0],"25":[0,0],"26":[0,0],"27":[0,0],"28":[0,0],"29":[0,0,0],"30":[0,0],"31":[0,0],"32":[0,0],"33":[0,0],"34":[0,0],"35":[0,0],"36":[0,0],"37":[0,0],"38":[0,0],"39":[0,0],"40":[0,0,0,0],"41":[0,0],"42":[0,0],"43":[0,0],"44":[0,0],"45":[0,0,0],"46":[0,0],"47":[0,0],"48":[0,0,0],"49":[0,0],"50":[0,0,0],"51":[0,0],"52":[0,0],"53":[0,0],"54":[0,0],"55":[0,0],"56":[0,0],"57":[0,0],"58":[0,0],"59":[0,0],"60":[0,0],"61":[0,0],"62":[0,0],"63":[0,0],"64":[0,0],"65":[0,0],"66":[0,0],"67":[0,0],"68":[0,0,0],"69":[0,0],"70":[0,0],"71":[0,0,0,0],"72":[0,0],"73":[0,0],"74":[0,0,0,0],"75":[0,0],"76":[0,0],"77":[0,0],"78":[0,0],"79":[0,0],"80":[0,0],"81":[0,0],"82":[0,0],"83":[0,0],"84":[0,0],"85":[0,0],"86":[0,0],"87":[0,0],"88":[0,0],"89":[0,0,0],"90":[0,0],"91":[0,0,0],"92":[0,0],"93":[0,0],"94":[0,0],"95":[0,0],"96":[0,0],"97":[0,0],"98":[0,0],"99":[0,0],"100":[0,0],"101":[0,0,0],"102":[0,0],"103":[0,0,0,0],"104":[0,0],"105":[0,0],"106":[0,0],"107":[0,0],"108":[0,0],"109":[0,0],"110":[0,0],"111":[0,0],"112":[0,0],"113":[0,0],"114":[0,0],"115":[0,0],"116":[0,0],"117":[0,0],"118":[0,0],"119":[0,0],"120":[0,0],"121":[0,0,0],"122":[0,0],"123":[0,0,0],"124":[0,0],"125":[0,0]},"f":{"1":2,"2":2,"3":0,"4":0,"5":0,"6":0,"7":0,"8":0,"9":0,"10":0,"11":0,"12":0,"13":0,"14":0,"15":0,"16":0,"17":0,"18":0,"19":0,"20":0,"21":0,"22":0,"23":0,"24":0,"25":0,"26":0,"27":0,"28":0,"29":0,"30":0,"31":0,"32":0,"33":0,"34":0,"35":0,"36":0,"37":0,"38":0,"39":0,"40":0,"41":0,"42":0,"43":0,"44":0,"45":0,"46":0,"47":0,"48":0,"49":0,"50":0,"51":0,"52":0,"53":0,"54":0,"55":0,"56":0,"57":0,"58":0},"fnMap":{"1":{"name":"(anonymous_1)","line":7,"loc":{"start":{"line":7,"column":1},"end":{"line":7,"column":38}}},"2":{"name":"(anonymous_2)","line":11,"loc":{"start":{"line":11,"column":19},"end":{"line":11,"column":31}}},"3":{"name":"(anonymous_3)","line":40,"loc":{"start":{"line":40,"column":13},"end":{"line":40,"column":25}}},"4":{"name":"(anonymous_4)","line":44,"loc":{"start":{"line":44,"column":10},"end":{"line":44,"column":23}}},"5":{"name":"(anonymous_5)","line":61,"loc":{"start":{"line":61,"column":12},"end":{"line":61,"column":24}}},"6":{"name":"(anonymous_6)","line":81,"loc":{"start":{"line":81,"column":20},"end":{"line":81,"column":36}}},"7":{"name":"succeed","line":86,"loc":{"start":{"line":86,"column":2},"end":{"line":86,"column":22}}},"8":{"name":"handleReadyState","line":92,"loc":{"start":{"line":92,"column":2},"end":{"line":92,"column":47}}},"9":{"name":"(anonymous_9)","line":93,"loc":{"start":{"line":93,"column":11},"end":{"line":93,"column":23}}},"10":{"name":"setHeaders","line":107,"loc":{"start":{"line":107,"column":2},"end":{"line":107,"column":31}}},"11":{"name":"setCredentials","line":123,"loc":{"start":{"line":123,"column":2},"end":{"line":123,"column":35}}},"12":{"name":"generalCallback","line":129,"loc":{"start":{"line":129,"column":2},"end":{"line":129,"column":33}}},"13":{"name":"urlappend","line":133,"loc":{"start":{"line":133,"column":2},"end":{"line":133,"column":30}}},"14":{"name":"handleJsonp","line":137,"loc":{"start":{"line":137,"column":2},"end":{"line":137,"column":40}}},"15":{"name":"(anonymous_15)","line":169,"loc":{"start":{"line":169,"column":48},"end":{"line":169,"column":60}}},"16":{"name":"(anonymous_16)","line":187,"loc":{"start":{"line":187,"column":13},"end":{"line":187,"column":25}}},"17":{"name":"getRequest","line":197,"loc":{"start":{"line":197,"column":2},"end":{"line":197,"column":31}}},"18":{"name":"(anonymous_18)","line":229,"loc":{"start":{"line":229,"column":26},"end":{"line":229,"column":37}}},"19":{"name":"(anonymous_19)","line":236,"loc":{"start":{"line":236,"column":17},"end":{"line":236,"column":29}}},"20":{"name":"Reqwest","line":245,"loc":{"start":{"line":245,"column":2},"end":{"line":245,"column":26}}},"21":{"name":"setType","line":252,"loc":{"start":{"line":252,"column":2},"end":{"line":252,"column":27}}},"22":{"name":"init","line":261,"loc":{"start":{"line":261,"column":2},"end":{"line":261,"column":23}}},"23":{"name":"(anonymous_23)","line":270,"loc":{"start":{"line":270,"column":27},"end":{"line":270,"column":37}}},"24":{"name":"(anonymous_24)","line":281,"loc":{"start":{"line":281,"column":15},"end":{"line":281,"column":27}}},"25":{"name":"(anonymous_25)","line":284,"loc":{"start":{"line":284,"column":32},"end":{"line":284,"column":44}}},"26":{"name":"(anonymous_26)","line":290,"loc":{"start":{"line":290,"column":29},"end":{"line":290,"column":41}}},"27":{"name":"(anonymous_27)","line":296,"loc":{"start":{"line":296,"column":31},"end":{"line":296,"column":43}}},"28":{"name":"(anonymous_28)","line":302,"loc":{"start":{"line":302,"column":34},"end":{"line":302,"column":46}}},"29":{"name":"complete","line":307,"loc":{"start":{"line":307,"column":4},"end":{"line":307,"column":29}}},"30":{"name":"success","line":315,"loc":{"start":{"line":315,"column":4},"end":{"line":315,"column":28}}},"31":{"name":"timedOut","line":363,"loc":{"start":{"line":363,"column":4},"end":{"line":363,"column":24}}},"32":{"name":"error","line":368,"loc":{"start":{"line":368,"column":4},"end":{"line":368,"column":33}}},"33":{"name":"(anonymous_33)","line":384,"loc":{"start":{"line":384,"column":11},"end":{"line":384,"column":23}}},"34":{"name":"(anonymous_34)","line":389,"loc":{"start":{"line":389,"column":11},"end":{"line":389,"column":23}}},"35":{"name":"(anonymous_35)","line":401,"loc":{"start":{"line":401,"column":10},"end":{"line":401,"column":35}}},"36":{"name":"(anonymous_36)","line":402,"loc":{"start":{"line":402,"column":27},"end":{"line":402,"column":39}}},"37":{"name":"(anonymous_37)","line":403,"loc":{"start":{"line":403,"column":21},"end":{"line":403,"column":33}}},"38":{"name":"(anonymous_38)","line":418,"loc":{"start":{"line":418,"column":12},"end":{"line":418,"column":26}}},"39":{"name":"(anonymous_39)","line":430,"loc":{"start":{"line":430,"column":10},"end":{"line":430,"column":24}}},"40":{"name":"(anonymous_40)","line":438,"loc":{"start":{"line":438,"column":13},"end":{"line":438,"column":27}}},"41":{"name":"reqwest","line":443,"loc":{"start":{"line":443,"column":2},"end":{"line":443,"column":26}}},"42":{"name":"normalize","line":448,"loc":{"start":{"line":448,"column":2},"end":{"line":448,"column":24}}},"43":{"name":"serial","line":452,"loc":{"start":{"line":452,"column":2},"end":{"line":452,"column":26}}},"44":{"name":"(anonymous_44)","line":455,"loc":{"start":{"line":455,"column":16},"end":{"line":455,"column":29}}},"45":{"name":"eachFormElement","line":494,"loc":{"start":{"line":494,"column":2},"end":{"line":494,"column":29}}},"46":{"name":"(anonymous_46)","line":497,"loc":{"start":{"line":497,"column":27},"end":{"line":497,"column":46}}},"47":{"name":"serializeQueryString","line":513,"loc":{"start":{"line":513,"column":2},"end":{"line":513,"column":34}}},"48":{"name":"serializeHash","line":518,"loc":{"start":{"line":518,"column":2},"end":{"line":518,"column":27}}},"49":{"name":"(anonymous_49)","line":520,"loc":{"start":{"line":520,"column":26},"end":{"line":520,"column":49}}},"50":{"name":"(anonymous_50)","line":530,"loc":{"start":{"line":530,"column":27},"end":{"line":530,"column":39}}},"51":{"name":"(anonymous_51)","line":532,"loc":{"start":{"line":532,"column":26},"end":{"line":532,"column":49}}},"52":{"name":"(anonymous_52)","line":538,"loc":{"start":{"line":538,"column":22},"end":{"line":538,"column":34}}},"53":{"name":"(anonymous_53)","line":554,"loc":{"start":{"line":554,"column":26},"end":{"line":554,"column":45}}},"54":{"name":"(anonymous_54)","line":559,"loc":{"start":{"line":559,"column":14},"end":{"line":559,"column":36}}},"55":{"name":"buildParams","line":579,"loc":{"start":{"line":579,"column":2},"end":{"line":579,"column":54}}},"56":{"name":"(anonymous_56)","line":606,"loc":{"start":{"line":606,"column":30},"end":{"line":606,"column":42}}},"57":{"name":"(anonymous_57)","line":612,"loc":{"start":{"line":612,"column":19},"end":{"line":612,"column":36}}},"58":{"name":"(anonymous_58)","line":622,"loc":{"start":{"line":622,"column":22},"end":{"line":622,"column":41}}}},"statementMap":{"1":{"start":{"line":7,"column":0},"end":{"line":630,"column":3}},"2":{"start":{"line":8,"column":2},"end":{"line":10,"column":35}},"3":{"start":{"line":8,"column":54},"end":{"line":8,"column":83}},"4":{"start":{"line":9,"column":7},"end":{"line":10,"column":35}},"5":{"start":{"line":9,"column":54},"end":{"line":9,"column":72}},"6":{"start":{"line":10,"column":7},"end":{"line":10,"column":35}},"7":{"start":{"line":13,"column":2},"end":{"line":13,"column":20}},"8":{"start":{"line":15,"column":2},"end":{"line":26,"column":3}},"9":{"start":{"line":16,"column":4},"end":{"line":18,"column":36}},"10":{"start":{"line":20,"column":4},"end":{"line":20,"column":12}},"11":{"start":{"line":21,"column":4},"end":{"line":25,"column":5}},"12":{"start":{"line":22,"column":6},"end":{"line":22,"column":28}},"13":{"start":{"line":24,"column":6},"end":{"line":24,"column":81}},"14":{"start":{"line":29,"column":2},"end":{"line":84,"column":7}},"15":{"start":{"line":45,"column":12},"end":{"line":45,"column":37}},"16":{"start":{"line":63,"column":8},"end":{"line":78,"column":9}},"17":{"start":{"line":64,"column":10},"end":{"line":64,"column":73}},"18":{"start":{"line":65,"column":10},"end":{"line":71,"column":11}},"19":{"start":{"line":66,"column":12},"end":{"line":66,"column":22}},"20":{"start":{"line":67,"column":17},"end":{"line":71,"column":11}},"21":{"start":{"line":68,"column":12},"end":{"line":68,"column":39}},"22":{"start":{"line":70,"column":12},"end":{"line":70,"column":77}},"23":{"start":{"line":72,"column":15},"end":{"line":78,"column":9}},"24":{"start":{"line":73,"column":10},"end":{"line":73,"column":37}},"25":{"start":{"line":74,"column":15},"end":{"line":78,"column":9}},"26":{"start":{"line":75,"column":10},"end":{"line":75,"column":27}},"27":{"start":{"line":77,"column":10},"end":{"line":77,"column":55}},"28":{"start":{"line":82,"column":10},"end":{"line":82,"column":21}},"29":{"start":{"line":86,"column":2},"end":{"line":90,"column":3}},"30":{"start":{"line":87,"column":4},"end":{"line":87,"column":41}},"31":{"start":{"line":88,"column":4},"end":{"line":88,"column":69}},"32":{"start":{"line":89,"column":4},"end":{"line":89,"column":90}},"33":{"start":{"line":92,"column":2},"end":{"line":105,"column":3}},"34":{"start":{"line":93,"column":4},"end":{"line":104,"column":5}},"35":{"start":{"line":96,"column":6},"end":{"line":96,"column":45}},"36":{"start":{"line":96,"column":22},"end":{"line":96,"column":45}},"37":{"start":{"line":97,"column":6},"end":{"line":97,"column":77}},"38":{"start":{"line":97,"column":23},"end":{"line":97,"column":77}},"39":{"start":{"line":98,"column":6},"end":{"line":103,"column":7}},"40":{"start":{"line":99,"column":8},"end":{"line":99,"column":43}},"41":{"start":{"line":100,"column":8},"end":{"line":102,"column":26}},"42":{"start":{"line":100,"column":24},"end":{"line":100,"column":42}},"43":{"start":{"line":102,"column":10},"end":{"line":102,"column":26}},"44":{"start":{"line":107,"column":2},"end":{"line":121,"column":3}},"45":{"start":{"line":108,"column":4},"end":{"line":109,"column":9}},"46":{"start":{"line":111,"column":4},"end":{"line":113,"column":38}},"47":{"start":{"line":115,"column":4},"end":{"line":115,"column":89}},"48":{"start":{"line":117,"column":4},"end":{"line":117,"column":110}},"49":{"start":{"line":117,"column":54},"end":{"line":117,"column":110}},"50":{"start":{"line":118,"column":4},"end":{"line":118,"column":119}},"51":{"start":{"line":118,"column":47},"end":{"line":118,"column":119}},"52":{"start":{"line":119,"column":4},"end":{"line":120,"column":101}},"53":{"start":{"line":120,"column":6},"end":{"line":120,"column":101}},"54":{"start":{"line":123,"column":2},"end":{"line":127,"column":3}},"55":{"start":{"line":124,"column":4},"end":{"line":126,"column":5}},"56":{"start":{"line":125,"column":6},"end":{"line":125,"column":51}},"57":{"start":{"line":129,"column":2},"end":{"line":131,"column":3}},"58":{"start":{"line":130,"column":4},"end":{"line":130,"column":20}},"59":{"start":{"line":133,"column":2},"end":{"line":135,"column":3}},"60":{"start":{"line":134,"column":4},"end":{"line":134,"column":49}},"61":{"start":{"line":137,"column":2},"end":{"line":195,"column":3}},"62":{"start":{"line":138,"column":4},"end":{"line":145,"column":64}},"63":{"start":{"line":147,"column":4},"end":{"line":155,"column":5}},"64":{"start":{"line":148,"column":6},"end":{"line":152,"column":7}},"65":{"start":{"line":149,"column":8},"end":{"line":149,"column":47}},"66":{"start":{"line":151,"column":8},"end":{"line":151,"column":24}},"67":{"start":{"line":154,"column":6},"end":{"line":154,"column":47}},"68":{"start":{"line":157,"column":4},"end":{"line":157,"column":36}},"69":{"start":{"line":159,"column":4},"end":{"line":159,"column":35}},"70":{"start":{"line":160,"column":4},"end":{"line":160,"column":20}},"71":{"start":{"line":161,"column":4},"end":{"line":161,"column":23}},"72":{"start":{"line":162,"column":4},"end":{"line":167,"column":5}},"73":{"start":{"line":166,"column":6},"end":{"line":166,"column":54}},"74":{"start":{"line":169,"column":4},"end":{"line":180,"column":5}},"75":{"start":{"line":170,"column":6},"end":{"line":172,"column":7}},"76":{"start":{"line":171,"column":8},"end":{"line":171,"column":20}},"77":{"start":{"line":173,"column":6},"end":{"line":173,"column":54}},"78":{"start":{"line":174,"column":6},"end":{"line":174,"column":40}},"79":{"start":{"line":176,"column":6},"end":{"line":176,"column":19}},"80":{"start":{"line":177,"column":6},"end":{"line":177,"column":27}},"81":{"start":{"line":178,"column":6},"end":{"line":178,"column":30}},"82":{"start":{"line":179,"column":6},"end":{"line":179,"column":16}},"83":{"start":{"line":183,"column":4},"end":{"line":183,"column":28}},"84":{"start":{"line":186,"column":4},"end":{"line":194,"column":5}},"85":{"start":{"line":188,"column":8},"end":{"line":188,"column":56}},"86":{"start":{"line":189,"column":8},"end":{"line":189,"column":50}},"87":{"start":{"line":190,"column":8},"end":{"line":190,"column":29}},"88":{"start":{"line":191,"column":8},"end":{"line":191,"column":32}},"89":{"start":{"line":192,"column":8},"end":{"line":192,"column":18}},"90":{"start":{"line":197,"column":2},"end":{"line":243,"column":3}},"91":{"start":{"line":198,"column":4},"end":{"line":206,"column":24}},"92":{"start":{"line":210,"column":4},"end":{"line":213,"column":5}},"93":{"start":{"line":211,"column":6},"end":{"line":211,"column":32}},"94":{"start":{"line":212,"column":6},"end":{"line":212,"column":17}},"95":{"start":{"line":215,"column":4},"end":{"line":215,"column":65}},"96":{"start":{"line":215,"column":30},"end":{"line":215,"column":65}},"97":{"start":{"line":219,"column":4},"end":{"line":219,"column":40}},"98":{"start":{"line":221,"column":4},"end":{"line":221,"column":63}},"99":{"start":{"line":222,"column":4},"end":{"line":222,"column":23}},"100":{"start":{"line":223,"column":4},"end":{"line":223,"column":27}},"101":{"start":{"line":224,"column":4},"end":{"line":233,"column":5}},"102":{"start":{"line":225,"column":8},"end":{"line":225,"column":24}},"103":{"start":{"line":226,"column":8},"end":{"line":226,"column":26}},"104":{"start":{"line":229,"column":8},"end":{"line":229,"column":39}},"105":{"start":{"line":230,"column":8},"end":{"line":230,"column":23}},"106":{"start":{"line":232,"column":6},"end":{"line":232,"column":63}},"107":{"start":{"line":234,"column":4},"end":{"line":234,"column":36}},"108":{"start":{"line":235,"column":4},"end":{"line":241,"column":5}},"109":{"start":{"line":236,"column":6},"end":{"line":238,"column":13}},"110":{"start":{"line":237,"column":8},"end":{"line":237,"column":23}},"111":{"start":{"line":240,"column":6},"end":{"line":240,"column":21}},"112":{"start":{"line":242,"column":4},"end":{"line":242,"column":15}},"113":{"start":{"line":245,"column":2},"end":{"line":250,"column":3}},"114":{"start":{"line":246,"column":4},"end":{"line":246,"column":14}},"115":{"start":{"line":247,"column":4},"end":{"line":247,"column":16}},"116":{"start":{"line":249,"column":4},"end":{"line":249,"column":31}},"117":{"start":{"line":252,"column":2},"end":{"line":259,"column":3}},"118":{"start":{"line":254,"column":4},"end":{"line":254,"column":42}},"119":{"start":{"line":254,"column":25},"end":{"line":254,"column":42}},"120":{"start":{"line":255,"column":4},"end":{"line":255,"column":43}},"121":{"start":{"line":255,"column":30},"end":{"line":255,"column":43}},"122":{"start":{"line":256,"column":4},"end":{"line":256,"column":47}},"123":{"start":{"line":256,"column":36},"end":{"line":256,"column":47}},"124":{"start":{"line":257,"column":4},"end":{"line":257,"column":43}},"125":{"start":{"line":257,"column":30},"end":{"line":257,"column":43}},"126":{"start":{"line":258,"column":4},"end":{"line":258,"column":41}},"127":{"start":{"line":258,"column":29},"end":{"line":258,"column":41}},"128":{"start":{"line":261,"column":2},"end":{"line":381,"column":3}},"129":{"start":{"line":263,"column":4},"end":{"line":263,"column":50}},"130":{"start":{"line":264,"column":4},"end":{"line":264,"column":23}},"131":{"start":{"line":268,"column":4},"end":{"line":268,"column":27}},"132":{"start":{"line":270,"column":4},"end":{"line":270,"column":39}},"133":{"start":{"line":271,"column":4},"end":{"line":271,"column":34}},"134":{"start":{"line":273,"column":4},"end":{"line":273,"column":28}},"135":{"start":{"line":275,"column":4},"end":{"line":275,"column":31}},"136":{"start":{"line":276,"column":4},"end":{"line":276,"column":23}},"137":{"start":{"line":277,"column":4},"end":{"line":277,"column":27}},"138":{"start":{"line":279,"column":4},"end":{"line":279,"column":19}},"139":{"start":{"line":281,"column":4},"end":{"line":281,"column":29}},"140":{"start":{"line":283,"column":4},"end":{"line":287,"column":5}},"141":{"start":{"line":284,"column":6},"end":{"line":286,"column":22}},"142":{"start":{"line":285,"column":8},"end":{"line":285,"column":18}},"143":{"start":{"line":289,"column":4},"end":{"line":293,"column":5}},"144":{"start":{"line":290,"column":6},"end":{"line":292,"column":7}},"145":{"start":{"line":291,"column":8},"end":{"line":291,"column":40}},"146":{"start":{"line":295,"column":4},"end":{"line":299,"column":5}},"147":{"start":{"line":296,"column":6},"end":{"line":298,"column":8}},"148":{"start":{"line":297,"column":8},"end":{"line":297,"column":38}},"149":{"start":{"line":301,"column":4},"end":{"line":305,"column":5}},"150":{"start":{"line":302,"column":6},"end":{"line":304,"column":8}},"151":{"start":{"line":303,"column":8},"end":{"line":303,"column":41}},"152":{"start":{"line":307,"column":4},"end":{"line":313,"column":5}},"153":{"start":{"line":308,"column":6},"end":{"line":308,"column":48}},"154":{"start":{"line":309,"column":6},"end":{"line":309,"column":25}},"155":{"start":{"line":310,"column":6},"end":{"line":312,"column":7}},"156":{"start":{"line":311,"column":8},"end":{"line":311,"column":44}},"157":{"start":{"line":315,"column":4},"end":{"line":361,"column":5}},"158":{"start":{"line":316,"column":6},"end":{"line":316,"column":85}},"159":{"start":{"line":317,"column":6},"end":{"line":317,"column":53}},"160":{"start":{"line":319,"column":6},"end":{"line":320,"column":30}},"161":{"start":{"line":321,"column":6},"end":{"line":325,"column":7}},"162":{"start":{"line":322,"column":8},"end":{"line":322,"column":29}},"163":{"start":{"line":326,"column":6},"end":{"line":350,"column":7}},"164":{"start":{"line":327,"column":8},"end":{"line":349,"column":9}},"165":{"start":{"line":329,"column":10},"end":{"line":333,"column":11}},"166":{"start":{"line":330,"column":12},"end":{"line":330,"column":77}},"167":{"start":{"line":332,"column":12},"end":{"line":332,"column":71}},"168":{"start":{"line":334,"column":10},"end":{"line":334,"column":15}},"169":{"start":{"line":336,"column":10},"end":{"line":336,"column":24}},"170":{"start":{"line":337,"column":10},"end":{"line":337,"column":15}},"171":{"start":{"line":339,"column":10},"end":{"line":339,"column":18}},"172":{"start":{"line":340,"column":10},"end":{"line":340,"column":15}},"173":{"start":{"line":342,"column":10},"end":{"line":347,"column":30}},"174":{"start":{"line":348,"column":10},"end":{"line":348,"column":15}},"175":{"start":{"line":352,"column":6},"end":{"line":352,"column":36}},"176":{"start":{"line":353,"column":6},"end":{"line":353,"column":28}},"177":{"start":{"line":354,"column":6},"end":{"line":354,"column":14}},"178":{"start":{"line":355,"column":6},"end":{"line":355,"column":32}},"179":{"start":{"line":356,"column":6},"end":{"line":358,"column":7}},"180":{"start":{"line":357,"column":8},"end":{"line":357,"column":54}},"181":{"start":{"line":360,"column":6},"end":{"line":360,"column":20}},"182":{"start":{"line":363,"column":4},"end":{"line":366,"column":5}},"183":{"start":{"line":364,"column":6},"end":{"line":364,"column":27}},"184":{"start":{"line":365,"column":6},"end":{"line":365,"column":26}},"185":{"start":{"line":368,"column":4},"end":{"line":378,"column":5}},"186":{"start":{"line":369,"column":6},"end":{"line":369,"column":25}},"187":{"start":{"line":370,"column":6},"end":{"line":370,"column":36}},"188":{"start":{"line":371,"column":6},"end":{"line":371,"column":34}},"189":{"start":{"line":372,"column":6},"end":{"line":372,"column":30}},"190":{"start":{"line":373,"column":6},"end":{"line":373,"column":24}},"191":{"start":{"line":374,"column":6},"end":{"line":376,"column":7}},"192":{"start":{"line":375,"column":8},"end":{"line":375,"column":49}},"193":{"start":{"line":377,"column":6},"end":{"line":377,"column":20}},"194":{"start":{"line":380,"column":4},"end":{"line":380,"column":56}},"195":{"start":{"line":383,"column":2},"end":{"line":441,"column":3}},"196":{"start":{"line":385,"column":6},"end":{"line":385,"column":26}},"197":{"start":{"line":386,"column":6},"end":{"line":386,"column":26}},"198":{"start":{"line":390,"column":6},"end":{"line":390,"column":38}},"199":{"start":{"line":402,"column":6},"end":{"line":402,"column":41}},"200":{"start":{"line":403,"column":6},"end":{"line":403,"column":35}},"201":{"start":{"line":404,"column":6},"end":{"line":411,"column":7}},"202":{"start":{"line":405,"column":8},"end":{"line":405,"column":66}},"203":{"start":{"line":406,"column":13},"end":{"line":411,"column":7}},"204":{"start":{"line":407,"column":8},"end":{"line":407,"column":83}},"205":{"start":{"line":409,"column":8},"end":{"line":409,"column":47}},"206":{"start":{"line":410,"column":8},"end":{"line":410,"column":38}},"207":{"start":{"line":412,"column":6},"end":{"line":412,"column":17}},"208":{"start":{"line":419,"column":6},"end":{"line":423,"column":7}},"209":{"start":{"line":420,"column":8},"end":{"line":420,"column":35}},"210":{"start":{"line":422,"column":8},"end":{"line":422,"column":39}},"211":{"start":{"line":424,"column":6},"end":{"line":424,"column":17}},"212":{"start":{"line":431,"column":6},"end":{"line":435,"column":7}},"213":{"start":{"line":432,"column":8},"end":{"line":432,"column":81}},"214":{"start":{"line":434,"column":8},"end":{"line":434,"column":36}},"215":{"start":{"line":436,"column":6},"end":{"line":436,"column":17}},"216":{"start":{"line":439,"column":6},"end":{"line":439,"column":26}},"217":{"start":{"line":443,"column":2},"end":{"line":445,"column":3}},"218":{"start":{"line":444,"column":4},"end":{"line":444,"column":29}},"219":{"start":{"line":448,"column":2},"end":{"line":450,"column":3}},"220":{"start":{"line":449,"column":4},"end":{"line":449,"column":47}},"221":{"start":{"line":452,"column":2},"end":{"line":489,"column":3}},"222":{"start":{"line":453,"column":4},"end":{"line":461,"column":22}},"223":{"start":{"line":458,"column":10},"end":{"line":459,"column":120}},"224":{"start":{"line":459,"column":12},"end":{"line":459,"column":120}},"225":{"start":{"line":464,"column":4},"end":{"line":464,"column":33}},"226":{"start":{"line":464,"column":27},"end":{"line":464,"column":33}},"227":{"start":{"line":466,"column":4},"end":{"line":488,"column":5}},"228":{"start":{"line":468,"column":6},"end":{"line":474,"column":7}},"229":{"start":{"line":469,"column":8},"end":{"line":469,"column":38}},"230":{"start":{"line":470,"column":8},"end":{"line":470,"column":35}},"231":{"start":{"line":471,"column":8},"end":{"line":473,"column":9}},"232":{"start":{"line":473,"column":9},"end":{"line":473,"column":87}},"233":{"start":{"line":475,"column":6},"end":{"line":475,"column":11}},"234":{"start":{"line":477,"column":6},"end":{"line":477,"column":32}},"235":{"start":{"line":478,"column":6},"end":{"line":478,"column":11}},"236":{"start":{"line":480,"column":6},"end":{"line":486,"column":7}},"237":{"start":{"line":481,"column":8},"end":{"line":481,"column":74}},"238":{"start":{"line":483,"column":8},"end":{"line":485,"column":9}},"239":{"start":{"line":484,"column":10},"end":{"line":484,"column":56}},"240":{"start":{"line":487,"column":6},"end":{"line":487,"column":11}},"241":{"start":{"line":494,"column":2},"end":{"line":510,"column":3}},"242":{"start":{"line":495,"column":4},"end":{"line":503,"column":9}},"243":{"start":{"line":498,"column":10},"end":{"line":498,"column":22}},"244":{"start":{"line":499,"column":10},"end":{"line":502,"column":11}},"245":{"start":{"line":500,"column":12},"end":{"line":500,"column":34}},"246":{"start":{"line":501,"column":12},"end":{"line":501,"column":61}},"247":{"start":{"line":501,"column":44},"end":{"line":501,"column":61}},"248":{"start":{"line":505,"column":4},"end":{"line":509,"column":5}},"249":{"start":{"line":506,"column":6},"end":{"line":506,"column":22}},"250":{"start":{"line":507,"column":6},"end":{"line":507,"column":65}},"251":{"start":{"line":507,"column":52},"end":{"line":507,"column":65}},"252":{"start":{"line":508,"column":6},"end":{"line":508,"column":60}},"253":{"start":{"line":513,"column":2},"end":{"line":515,"column":3}},"254":{"start":{"line":514,"column":4},"end":{"line":514,"column":79}},"255":{"start":{"line":518,"column":2},"end":{"line":527,"column":3}},"256":{"start":{"line":519,"column":4},"end":{"line":519,"column":17}},"257":{"start":{"line":520,"column":4},"end":{"line":525,"column":17}},"258":{"start":{"line":521,"column":6},"end":{"line":524,"column":31}},"259":{"start":{"line":522,"column":8},"end":{"line":522,"column":73}},"260":{"start":{"line":523,"column":8},"end":{"line":523,"column":30}},"261":{"start":{"line":524,"column":13},"end":{"line":524,"column":31}},"262":{"start":{"line":526,"column":4},"end":{"line":526,"column":15}},"263":{"start":{"line":530,"column":2},"end":{"line":536,"column":3}},"264":{"start":{"line":531,"column":4},"end":{"line":531,"column":16}},"265":{"start":{"line":532,"column":4},"end":{"line":534,"column":17}},"266":{"start":{"line":533,"column":6},"end":{"line":533,"column":42}},"267":{"start":{"line":535,"column":4},"end":{"line":535,"column":14}},"268":{"start":{"line":538,"column":2},"end":{"line":552,"column":3}},"269":{"start":{"line":539,"column":4},"end":{"line":539,"column":41}},"270":{"start":{"line":539,"column":32},"end":{"line":539,"column":41}},"271":{"start":{"line":540,"column":4},"end":{"line":541,"column":55}},"272":{"start":{"line":5
[...]
ta","        }","      }","","  function succeed(r) {","    var protocol = protocolRe.exec(r.url)","    protocol = (protocol && protocol[1]) || context.location.protocol","    return httpsRe.test(protocol) ? twoHundo.test(r.request.status) : !!r.request.response","  }","","  function handleReadyState(r, success, error) {","    return function () {","      // use _aborted to mitigate against IE err c00c023f","      // (can't read props on aborted request objects)","      if (r._aborted) return error(r.request)","      if (r._timedOut) return error(r.request, 'Request is aborted: timeout')","      if (r.request && r.request[readyState] == 4) {","        r.request.onreadystatechange = noop","        if (succeed(r)) success(r.request)","        else","          error(r.request)","      }","    }","  }","","  function setHeaders(http, o) {","    var headers = o['headers'] || {}","      , h","","    headers['Accept'] = headers['Accept']","      || defaultHeaders['accept'][o['type']]","      || defaultHeaders['accept']['*']","","    var isAFormData = typeof FormData !== 'undefined' && (o['data'] instanceof FormData);","    // breaks cross-origin requests with legacy browsers","    if (!o['crossOrigin'] && !headers[requestedWith]) headers[requestedWith] = defaultHeaders['requestedWith']","    if (!headers[contentType] && !isAFormData) headers[contentType] = o['contentType'] || defaultHeaders['contentType']","    for (h in headers)","      headers.hasOwnProperty(h) && 'setRequestHeader' in http && http.setRequestHeader(h, headers[h])","  }","","  function setCredentials(http, o) {","    if (typeof o['withCredentials'] !== 'undefined' && typeof http.withCredentials !== 'undefined') {","      http.withCredentials = !!o['withCredentials']","    }","  }","","  function generalCallback(data) {","    lastValue = data","  }","","  function urlappend (url, s) {","    return url + (/\\?/.test(url) ? '&' : '?') + s","  }","","  function handleJsonp(o, fn, err, url) {","    var reqId = uniqid++","      , cbkey = o['jsonpCallback'] || 'callback' // the 'callback' key","      , cbval = o['jsonpCallbackName'] || reqwest.getcallbackPrefix(reqId)","      , cbreg = new RegExp('((^|\\\\?|&)' + cbkey + ')=([^&]+)')","      , match = url.match(cbreg)","      , script = doc.createElement('script')","      , loaded = 0","      , isIE10 = navigator.userAgent.indexOf('MSIE 10.0') !== -1","","    if (match) {","      if (match[3] === '?') {","        url = url.replace(cbreg, '$1=' + cbval) // wildcard callback func name","      } else {","        cbval = match[3] // provided callback func name","      }","    } else {","      url = urlappend(url, cbkey + '=' + cbval) // no callback details, add 'em","    }","","    context[cbval] = generalCallback","","    script.type = 'text/javascript'","    script.src = url","    script.async = true","    if (typeof script.onreadystatechange !== 'undefined' && !isIE10) {","      // need this for IE due to out-of-order onreadystatechange(), binding script","      // execution to an event listener gives us control over when the script","      // is executed. See http://jaubourg.net/2010/07/loading-script-as-onclick-handler-of.html","      script.htmlFor = script.id = '_reqwest_' + reqId","    }","","    script.onload = script.onreadystatechange = function () {","      if ((script[readyState] && script[readyState] !== 'complete' && script[readyState] !== 'loaded') || loaded) {","        return false","      }","      script.onload = script.onreadystatechange = null","      script.onclick && script.onclick()","      // Call the user callback with the last value stored and clean up values and scripts.","      fn(lastValue)","      lastValue = undefined","      head.removeChild(script)","      loaded = 1","    }","","    // Add the script to the DOM head","    head.appendChild(script)","","    // Enable JSONP timeout","    return {","      abort: function () {","        script.onload = script.onreadystatechange = null","        err({}, 'Request is aborted: timeout', {})","        lastValue = undefined","        head.removeChild(script)","        loaded = 1","      }","    }","  }","","  function getRequest(fn, err) {","    var o = this.o","      , method = (o['method'] || 'GET').toUpperCase()","      , url = typeof o === 'string' ? o : o['url']","      // convert non-string objects to query-string form unless o['processData'] is false","      , data = (o['processData'] !== false && o['data'] && typeof o['data'] !== 'string')","        ? reqwest.toQueryString(o['data'])","        : (o['data'] || null)","      , http","      , sendWait = false","","    // if we're working on a GET request and we have data then we should append","    // query string to end of URL and not post data","    if ((o['type'] == 'jsonp' || method == 'GET') && data) {","      url = urlappend(url, data)","      data = null","    }","","    if (o['type'] == 'jsonp') return handleJsonp(o, fn, err, url)","","    // get the xhr from the factory if passed","    // if the factory returns null, fall-back to ours","    http = (o.xhr && o.xhr(o)) || xhr(o)","","    http.open(method, url, o['async'] === false ? false : true)","    setHeaders(http, o)","    setCredentials(http, o)","    if (context[xDomainRequest] && http instanceof context[xDomainRequest]) {","        http.onload = fn","        http.onerror = err","        // NOTE: see","        // http://social.msdn.microsoft.com/Forums/en-US/iewebdevelopment/thread/30ef3add-767c-4436-b8a9-f1ca19b4812e","        http.onprogress = function() {}","        sendWait = true","    } else {","      http.onreadystatechange = handleReadyState(this, fn, err)","    }","    o['before'] && o['before'](http)","    if (sendWait) {","      setTimeout(function () {","        http.send(data)","      }, 200)","    } else {","      http.send(data)","    }","    return http","  }","","  function Reqwest(o, fn) {","    this.o = o","    this.fn = fn","","    init.apply(this, arguments)","  }","","  function setType(header) {","    // json, javascript, text/plain, text/html, xml","    if (header === null) return undefined; //In case of no content-type.","    if (header.match('json')) return 'json'","    if (header.match('javascript')) return 'js'","    if (header.match('text')) return 'html'","    if (header.match('xml')) return 'xml'","  }","","  function init(o, fn) {","","    this.url = typeof o == 'string' ? o : o['url']","    this.timeout = null","","    // whether request has been fulfilled for purpose","    // of tracking the Promises","    this._fulfilled = false","    // success handlers","    this._successHandler = function(){}","    this._fulfillmentHandlers = []","    // error handlers","    this._errorHandlers = []","    // complete (both success and fail) handlers","    this._completeHandlers = []","    this._erred = false","    this._responseArgs = {}","","    var self = this","","    fn = fn || function () {}","","    if (o['timeout']) {","      this.timeout = setTimeout(function () {","        timedOut()","      }, o['timeout'])","    }","","    if (o['success']) {","      this._successHandler = function () {","        o['success'].apply(o, arguments)","      }","    }","","    if (o['error']) {","      this._errorHandlers.push(function () {","        o['error'].apply(o, arguments)","      })","    }","","    if (o['complete']) {","      this._completeHandlers.push(function () {","        o['complete'].apply(o, arguments)","      })","    }","","    function complete (resp) {","      o['timeout'] && clearTimeout(self.timeout)","      self.timeout = null","      while (self._completeHandlers.length > 0) {","        self._completeHandlers.shift()(resp)","      }","    }","","    function success (resp) {","      var type = o['type'] || resp && setType(resp.getResponseHeader('Content-Type')) // resp can be undefined in IE","      resp = (type !== 'jsonp') ? self.request : resp","      // use global data filter on response text","      var filteredResponse = globalSetupOptions.dataFilter(resp.responseText, type)","        , r = filteredResponse","      try {","        resp.responseText = r","      } catch (e) {","        // can't assign this in IE<=8, just ignore","      }","      if (r) {","        switch (type) {","        case 'json':","          try {","            resp = context.JSON ? context.JSON.parse(r) : eval('(' + r + ')')","          } catch (err) {","            return error(resp, 'Could not parse JSON in response', err)","          }","          break","        case 'js':","          resp = eval(r)","          break","        case 'html':","          resp = r","          break","        case 'xml':","          resp = resp.responseXML","              && resp.responseXML.parseError // IE trololo","              && resp.responseXML.parseError.errorCode","              && resp.responseXML.parseError.reason","            ? null","            : resp.responseXML","          break","        }","      }","","      self._responseArgs.resp = resp","      self._fulfilled = true","      fn(resp)","      self._successHandler(resp)","      while (self._fulfillmentHandlers.length > 0) {","        resp = self._fulfillmentHandlers.shift()(resp)","      }","","      complete(resp)","    }","","    function timedOut() {","      self._timedOut = true","      self.request.abort()","    }","","    function error(resp, msg, t) {","      resp = self.request","      self._responseArgs.resp = resp","      self._responseArgs.msg = msg","      self._responseArgs.t = t","      self._erred = true","      while (self._errorHandlers.length > 0) {","        self._errorHandlers.shift()(resp, msg, t)","      }","      complete(resp)","    }","","    this.request = getRequest.call(this, success, error)","  }","","  Reqwest.prototype = {","    abort: function () {","      this._aborted = true","      this.request.abort()","    }","","  , retry: function () {","      init.call(this, this.o, this.fn)","    }","","    /**","     * Small deviation from the Promises A CommonJs specification","     * http://wiki.commonjs.org/wiki/Promises/A","     */","","    /**","     * `then` will execute upon successful requests","     */","  , then: function (success, fail) {","      success = success || function () {}","      fail = fail || function () {}","      if (this._fulfilled) {","        this._responseArgs.resp = success(this._responseArgs.resp)","      } else if (this._erred) {","        fail(this._responseArgs.resp, this._responseArgs.msg, this._responseArgs.t)","      } else {","        this._fulfillmentHandlers.push(success)","        this._errorHandlers.push(fail)","      }","      return this","    }","","    /**","     * `always` will execute whether the request succeeds or fails","     */","  , always: function (fn) {","      if (this._fulfilled || this._erred) {","        fn(this._responseArgs.resp)","      } else {","        this._completeHandlers.push(fn)","      }","      return this","    }","","    /**","     * `fail` will execute when the request fails","     */","  , fail: function (fn) {","      if (this._erred) {","        fn(this._responseArgs.resp, this._responseArgs.msg, this._responseArgs.t)","      } else {","        this._errorHandlers.push(fn)","      }","      return this","    }","  , 'catch': function (fn) {","      return this.fail(fn)","    }","  }","","  function reqwest(o, fn) {","    return new Reqwest(o, fn)","  }","","  // normalize newline variants according to spec -> CRLF","  function normalize(s) {","    return s ? s.replace(/\\r?\\n/g, '\\r\\n') : ''","  }","","  function serial(el, cb) {","    var n = el.name","      , t = el.tagName.toLowerCase()","      , optCb = function (o) {","          // IE gives value=\"\" even where there is no value attribute","          // 'specified' ref: http://www.w3.org/TR/DOM-Level-3-Core/core.html#ID-862529273","          if (o && !o['disabled'])","            cb(n, normalize(o['attributes']['value'] && o['attributes']['value']['specified'] ? o['value'] : o['text']))","        }","      , ch, ra, val, i","","    // don't serialize elements that are disabled or without a name","    if (el.disabled || !n) return","","    switch (t) {","    case 'input':","      if (!/reset|button|image|file/i.test(el.type)) {","        ch = /checkbox/i.test(el.type)","        ra = /radio/i.test(el.type)","        val = el.value","        // WebKit gives us \"\" instead of \"on\" if a checkbox has no value, so correct it here","        ;(!(ch || ra) || el.checked) && cb(n, normalize(ch && val === '' ? 'on' : val))","      }","      break","    case 'textarea':","      cb(n, normalize(el.value))","      break","    case 'select':","      if (el.type.toLowerCase() === 'select-one') {","        optCb(el.selectedIndex >= 0 ? el.options[el.selectedIndex] : null)","      } else {","        for (i = 0; el.length && i < el.length; i++) {","          el.options[i].selected && optCb(el.options[i])","        }","      }","      break","    }","  }","","  // collect up all form elements found from the passed argument elements all","  // the way down to child elements; pass a '<form>' or form fields.","  // called with 'this'=callback to use for serial() on each element","  function eachFormElement() {","    var cb = this","      , e, i","      , serializeSubtags = function (e, tags) {","          var i, j, fa","          for (i = 0; i < tags.length; i++) {","            fa = e[byTag](tags[i])","            for (j = 0; j < fa.length; j++) serial(fa[j], cb)","          }","        }","","    for (i = 0; i < arguments.length; i++) {","      e = arguments[i]","      if (/input|select|textarea/i.test(e.tagName)) serial(e, cb)","      serializeSubtags(e, [ 'input', 'select', 'textarea' ])","    }","  }","","  // standard query string style serialization","  function serializeQueryString() {","    return reqwest.toQueryString(reqwest.serializeArray.apply(null, arguments))","  }","","  // { 'name': 'value', ... } style serialization","  function serializeHash() {","    var hash = {}","    eachFormElement.apply(function (name, value) {","      if (name in hash) {","        hash[name] && !isArray(hash[name]) && (hash[name] = [hash[name]])","        hash[name].push(value)","      } else hash[name] = value","    }, arguments)","    return hash","  }","","  // [ { name: 'name', value: 'value' }, ... ] style serialization","  reqwest.serializeArray = function () {","    var arr = []","    eachFormElement.apply(function (name, value) {","      arr.push({name: name, value: value})","    }, arguments)","    return arr","  }","","  reqwest.serialize = function () {","    if (arguments.length === 0) return ''","    var opt, fn","      , args = Array.prototype.slice.call(arguments, 0)","","    opt = args.pop()","    opt && opt.nodeType && args.push(opt) && (opt = null)","    opt && (opt = opt.type)","","    if (opt == 'map') fn = serializeHash","    else if (opt == 'array') fn = reqwest.serializeArray","    else fn = serializeQueryString","","    return fn.apply(null, args)","  }","","  reqwest.toQueryString = function (o, trad) {","    var prefix, i","      , traditional = trad || false","      , s = []","      , enc = encodeURIComponent","      , add = function (key, value) {","          // If value is a function, invoke it and return its value","          value = ('function' === typeof value) ? value() : (value == null ? '' : value)","          s[s.length] = enc(key) + '=' + enc(value)","        }","    // If an array was passed in, assume that it is an array of form elements.","    if (isArray(o)) {","      for (i = 0; o && i < o.length; i++) add(o[i]['name'], o[i]['value'])","    } else {","      // If traditional, encode the \"old\" way (the way 1.3.2 or older","      // did it), otherwise encode params recursively.","      for (prefix in o) {","        if (o.hasOwnProperty(prefix)) buildParams(prefix, o[prefix], traditional, add)","      }","    }","","    // spaces should be + according to spec","    return s.join('&').replace(/%20/g, '+')","  }","","  function buildParams(prefix, obj, traditional, add) {","    var name, i, v","      , rbracket = /\\[\\]$/","","    if (isArray(obj)) {","      // Serialize array item.","      for (i = 0; obj && i < obj.length; i++) {","        v = obj[i]","        if (traditional || rbracket.test(prefix)) {","          // Treat each array item as a scalar.","          add(prefix, v)","        } else {","          buildParams(prefix + '[' + (typeof v === 'object' ? i : '') + ']', v, traditional, add)","        }","      }","    } else if (obj && obj.toString() === '[object Object]') {","      // Serialize object item.","      for (name in obj) {","        buildParams(prefix + '[' + name + ']', obj[name], traditional, add)","      }","","    } else {","      // Serialize scalar item.","      add(prefix, obj)","    }","  }","","  reqwest.getcallbackPrefix = function () {","    return callbackPrefix","  }","","  // jQuery and Zepto compatibility, differences can be remapped here so you can call","  // .ajax.compat(options, callback)","  reqwest.compat = function (o, fn) {","    if (o) {","      o['type'] && (o['method'] = o['type']) && delete o['type']","      o['dataType'] && (o['type'] = o['dataType'])","      o['jsonpCallback'] && (o['jsonpCallbackName'] = o['jsonpCallback']) && delete o['jsonpCallback']","      o['jsonp'] && (o['jsonpCallback'] = o['jsonp'])","    }","    return new Reqwest(o, fn)","  }","","  reqwest.ajaxSetup = function (options) {","    options = options || {}","    for (var k in options) {","      globalSetupOptions[k] = options[k]","    }","  }","","  return reqwest","});",""],"l":{"1":2,"2":2,"3":0,"4":0,"7":2,"9":2,"10":0,"14":2,"15":2,"16":2,"18":2,"23":0,"39":0,"57":0,"58":0,"59":0,"60":0,"61":0,"62":0,"64":0,"66":0,"67":0,"68":0,"69":0,"71":0,"76":0,"80":1,"81":0,"82":0,"83":0,"86":1,"87":0,"90":0,"91":0,"92":0,"93":0,"94":0,"96":0,"101":1,"102":0,"105":0,"109":0,"111":0,"112":0,"113":0,"114":0,"117":1,"118":0,"119":0,"123":1,"124":0,"127":1,"128":0,"131":1,"132":0,"141":0,"142":0,"143":0,"145":0,"148":0,"151":0,"153":0,"154":0,"155":0,"156":0,"160":0,"163":0,"164":0,"165":0,"167":0,"168":0,"170":0,"171":0,"172":0,"173":0,"177":0,"180":0,"182":0,"183":0,"184":0,"185":0,"186":0,"191":1,"192":0,"204":0,"205":0,"206":0,"209":0,"213":0,"215":0,"216":0,"217":0,"218":0,"219":0,"220":0,"223":0,"224":0,"226":0,"228":0,"229":0,"230":0,"231":0,"234":0,"236":0,"239":1,"240":0,"241":0,"243":0,"246":1,"248":0,"249":0,"250":0,"251":0,"252":0,"255":1,"257":0,"258":0,"262":0,"264":0,"265":0,"267":0,"269":0,"270":0,"271":0,"273":0,"275":0,"277":0,"278":0,"279":0,"283":0,"284":0,"285":0,"289":0,"290":0,"291":0,"295":0,"296":0,"297":0,"301":1,"302":0,"303":0,"304":0,"305":0,"309":1,"310":0,"311":0,"313":0,"315":0,"316":0,"320":0,"321":0,"323":0,"324":0,"326":0,"328":0,"330":0,"331":0,"333":0,"334":0,"336":0,"342":0,"346":0,"347":0,"348":0,"349":0,"350":0,"351":0,"354":0,"357":1,"358":0,"359":0,"362":1,"363":0,"364":0,"365":0,"366":0,"367":0,"368":0,"369":0,"371":0,"374":0,"377":0,"379":0,"380":0,"384":0,"396":0,"397":0,"398":0,"399":0,"400":0,"401":0,"403":0,"404":0,"406":0,"413":0,"414":0,"416":0,"418":0,"425":0,"426":0,"428":0,"430":0,"433":0,"437":1,"438":0,"442":1,"443":0,"446":1,"447":0,"452":0,"453":0,"458":0,"460":0,"462":0,"463":0,"464":0,"465":0,"467":0,"469":0,"471":0,"472":0,"474":0,"475":0,"477":0,"478":0,"481":0,"488":1,"489":0,"492":0,"493":0,"494":0,"495":0,"499":0,"500":0,"501":0,"502":0,"507":1,"508":0,"512":1,"513":0,"514":0,"515":0,"516":0,"517":0,"518":0,"520":0,"524":0,"525":0,"526":0,"527":0,"529":0,"532":0,"533":0,"534":0,"537":0,"538":0,"539":0,"541":0,"542":0,"543":0,"545":0,"548":0,"549":0,"555":0,"556":0,"559":0,"560":0,"564":0,"565":0,"570":0,"573":1,"574":0,"577":0,"579":0,"580":0,"581":0,"583":0,"585":0,"588":0,"590":0,"591":0,"596":0,"600":0,"601":0,"606":0,"607":0,"608":0,"609":0,"610":0,"611":0,"613":0,"616":0,"617":0,"618":0,"619":0,"623":0}}}